#
# A fatal error has been detected by the Java Runtime Environment:
#
#  SIGSEGV (0xb) at pc=0x00007fff94d860dd, pid=1803, tid=1811
#
# JRE version: Java(TM) SE Runtime Environment (8.0_65-b17) (build 1.8.0_65-b17)
# Java VM: Java HotSpot(TM) 64-Bit Server VM (25.65-b01 mixed mode bsd-amd64 compressed oops)
# Problematic frame:
# C  [libobjc.A.dylib+0x10dd]  objc_msgSend+0x1d
#
# Failed to write core dump. Core dumps have been disabled. To enable core dumping, try "ulimit -c unlimited" before starting Java again
#
# If you would like to submit a bug report, please visit:
#   http://bugreport.java.com/bugreport/crash.jsp
# The crash happened outside the Java Virtual Machine in native code.
# See problematic frame for where to report the bug.
#

---------------  T H R E A D  ---------------

Current thread (0x00007fdab99e7800):  JavaThread "AppKit Thread" daemon [_thread_in_native, id=1811, stack(0x00007fff5d240000,0x00007fff5da40000)]

siginfo: si_signo: 11 (SIGSEGV), si_code: 1 (SEGV_MAPERR), si_addr: 0x000007fdab854bd8

Registers:
RAX=0x00007fdab8538930, RBX=0x00007fff5da3a608, RCX=0x0000000000000000, RDX=0x00007fdab848f780
RSP=0x00007fff5da3a428, RBP=0x00007fff5da3a430, RSI=0x00007fff9362b41e, RDI=0x00007fdab8538930
R8 =0x00007fff5da3a410, R9 =0x0000000000000055, R10=0x00007fff9362b41e, R11=0x000007fdab854bc0
R12=0x00007fdab851ae50, R13=0x00000000000f42ec, R14=0x00007fdab853b290, R15=0x00007fff5da3a568
RIP=0x00007fff94d860dd, EFLAGS=0x0000000000010206, ERR=0x0000000000000004
  TRAPNO=0x000000000000000e

Top of Stack: (sp=0x00007fff5da3a428)
0x00007fff5da3a428:   00007fff9969645c 00007fff5da3a790
0x00007fff5da3a438:   00007fff99586634 00007fff5da3a4bc
0x00007fff5da3a448:   00007fff5da3a4c0 00007fff5da3a4c4
0x00007fff5da3a458:   00007fff7c8dfe00 ffffffffffffffff
0x00007fff5da3a468:   00000000000007f8 00007fff7c8dfe18
0x00007fff5da3a478:   00007fdab853b290 0000000000000000
0x00007fff5da3a488:   00007fff5da3a560 0000000000000000
0x00007fff5da3a498:   00007fdab8490000 00007fff5da3a5e0
0x00007fff5da3a4a8:   0000000000000055 00000000000f42ee
0x00007fff5da3a4b8:   00007fdab848f780 00007fdab8439980
0x00007fff5da3a4c8:   00007fdab851ae50 0000000000000001
0x00007fff5da3a4d8:   00000000000f42ec 00007fdab851ae40
0x00007fff5da3a4e8:   00007fff984e7c05 00000001b8748d50
0x00007fff5da3a4f8:   00007fff7c00b0d0 0000000042000000
0x00007fff5da3a508:   00007fff984eee63 00007fff7c8aa240
0x00007fff5da3a518:   00007fff5da3a5e8 00007fff5da3a540
0x00007fff5da3a528:   00007fff5da3a560 0000000000000000
0x00007fff5da3a538:   000000000000001c 0002de0300000001
0x00007fff5da3a548:   00007fdab851ae74 0000000000000000
0x00007fff5da3a558:   0000000000000000 00007fdab8490080
0x00007fff5da3a568:   00007fdab853b290 0000002000000000
0x00007fff5da3a578:   0000000000000000 00007fff7c00b0d0
0x00007fff5da3a588:   0000000042000000 00007fff984ee4f8
0x00007fff5da3a598:   00007fff7c8aa350 00007fff5da3a4f8
0x00007fff5da3a5a8:   0000000000000000 00007fff5da3a678
0x00007fff5da3a5b8:   00007fff7bcacea0 00007fff5da3a6b0
0x00007fff5da3a5c8:   00007fff966f6770 00007fff5da3a660
0x00007fff5da3a5d8:   00007fff92d5f4ed 0000000000000051
0x00007fff5da3a5e8:   0000000000000000 00000000000f42e1
0x00007fff5da3a5f8:   0000000000000053 0000000000000000
0x00007fff5da3a608:   00000000000f42ec 00007fff5da3a684
0x00007fff5da3a618:   00000000003c7201 00000000ffffffff 

Instructions: (pc=0x00007fff94d860dd)
0x00007fff94d860bd:   00 00 00 48 85 ff 2e 74 7a 40 f6 c7 01 2e 75 7e
0x00007fff94d860cd:   49 bb f8 ff ff ff ff 7f 00 00 4c 23 1f 49 89 f2
0x00007fff94d860dd:   45 23 53 18 49 c1 e2 04 4d 03 53 10 49 3b 32 75
0x00007fff94d860ed:   04 41 ff 62 08 49 83 3a 00 74 6a 4d 3b 53 10 74 

Register to memory mapping:

RAX=0x00007fdab8538930 is an unknown value
RBX=0x00007fff5da3a608 is pointing into the stack for thread: 0x00007fdab99e7800
RCX=0x0000000000000000 is an unknown value
RDX=0x00007fdab848f780 is an unknown value
RSP=0x00007fff5da3a428 is pointing into the stack for thread: 0x00007fdab99e7800
RBP=0x00007fff5da3a430 is pointing into the stack for thread: 0x00007fdab99e7800
RSI=0x00007fff9362b41e: -[NSTitlebarContainerView transparent]+0x5e312 in /System/Library/Frameworks/AppKit.framework/Versions/C/AppKit at 0x00007fff92c2a000
RDI=0x00007fdab8538930 is an unknown value
R8 =0x00007fff5da3a410 is pointing into the stack for thread: 0x00007fdab99e7800
R9 =0x0000000000000055 is an unknown value
R10=0x00007fff9362b41e: -[NSTitlebarContainerView transparent]+0x5e312 in /System/Library/Frameworks/AppKit.framework/Versions/C/AppKit at 0x00007fff92c2a000
R11=0x000007fdab854bc0 is an unknown value
R12=0x00007fdab851ae50 is an unknown value
R13=0x00000000000f42ec is an unknown value
R14=0x00007fdab853b290 is an unknown value
R15=0x00007fff5da3a568 is pointing into the stack for thread: 0x00007fdab99e7800


Stack: [0x00007fff5d240000,0x00007fff5da40000],  sp=0x00007fff5da3a428,  free space=8169k
Native frames: (J=compiled Java code, j=interpreted, Vv=VM code, C=native code)
C  [libobjc.A.dylib+0x10dd]  objc_msgSend+0x1d
C  [CoreFoundation+0x10634]  _CFXNotificationPost+0xc44
C  [Foundation+0x7aa1]  -[NSNotificationCenter postNotificationName:object:userInfo:]+0x42
C  [AppKit+0x439c2]  -[NSSurface _disposeSurface]+0x98
C  [AppKit+0x43426]  -[NSSurface setWindow:]+0x42
C  [AppKit+0x33910]  -[NSView _setWindow:]+0xa33
C  [AppKit+0x6af91]  -[NSView removeFromSuperview]+0x1c5
C  [AppKit+0x14bd99]  -[NSView removeFromSuperviewWithoutNeedingDisplay]+0x26
C  [liblwjgl.dylib+0xa205]  +[MacOSXKeyableWindow destroyWindow]+0xb5
C  [Foundation+0x92dd0]  __NSThreadPerformPerform+0x125
C  [CoreFoundation+0x80a01]  __CFRUNLOOP_IS_CALLING_OUT_TO_A_SOURCE0_PERFORM_FUNCTION__+0x11
C  [CoreFoundation+0x72b8d]  __CFRunLoopDoSources0+0x10d
C  [CoreFoundation+0x721bf]  __CFRunLoopRun+0x39f
C  [CoreFoundation+0x71bd8]  CFRunLoopRunSpecific+0x128
C  [HIToolbox+0x3256f]  RunCurrentEventLoopInMode+0xeb
C  [HIToolbox+0x322ea]  ReceiveNextEventCommon+0x1af
C  [HIToolbox+0x3212b]  _BlockUntilNextEventMatchingListInModeWithFilter+0x47
C  [AppKit+0x918ab]  _DPSNextEvent+0x3d2
C  [AppKit+0x90e58]  -[NSApplication nextEventMatchingMask:untilDate:inMode:dequeue:]+0x15a
C  [libosxapp.dylib+0x23aa]  -[NSApplicationAWT nextEventMatchingMask:untilDate:inMode:dequeue:]+0x7c
C  [AppKit+0x86af3]  -[NSApplication run]+0x252
C  [libosxapp.dylib+0x214d]  +[NSApplicationAWT runAWTLoopWithApp:]+0x9c
C  [libawt_lwawt.dylib+0x44517]  -[AWTStarter starter:]+0x389
C  [Foundation+0x92dd0]  __NSThreadPerformPerform+0x125
C  [CoreFoundation+0x80a01]  __CFRUNLOOP_IS_CALLING_OUT_TO_A_SOURCE0_PERFORM_FUNCTION__+0x11
C  [CoreFoundation+0x72b8d]  __CFRunLoopDoSources0+0x10d
C  [CoreFoundation+0x721bf]  __CFRunLoopRun+0x39f
C  [CoreFoundation+0x71bd8]  CFRunLoopRunSpecific+0x128
C  [java+0x6463]  CreateExecutionEnvironment+0x367
C  [java+0x21ac]  JLI_Launch+0x7a0
C  [java+0x84c0]  main+0x65
C  [java+0x1a04]  start+0x34
C  0x0000000000000005


---------------  P R O C E S S  ---------------

Java Threads: ( => current thread )
  0x00007fdab8821000 JavaThread "AWT-Shutdown" [_thread_blocked, id=36119, stack(0x0000000122905000,0x0000000122a05000)]
  0x00007fdab91f4000 JavaThread "Thread-2" [_thread_in_vm, id=64803, stack(0x0000000121d6d000,0x0000000121e6d000)]
  0x00007fdab91f1000 JavaThread "Thread-1" [_thread_in_native, id=64059, stack(0x0000000121c6a000,0x0000000121d6a000)]
  0x00007fdab880e000 JavaThread "DestroyJavaVM" [_thread_blocked, id=4867, stack(0x00000001022d7000,0x00000001023d7000)]
  0x00007fdab883d000 JavaThread "LWJGL Application" [_thread_in_native, id=62727, stack(0x0000000120730000,0x0000000120830000)]
=>0x00007fdab99e7800 JavaThread "AppKit Thread" daemon [_thread_in_native, id=1811, stack(0x00007fff5d240000,0x00007fff5da40000)]
  0x00007fdaba001000 JavaThread "Service Thread" daemon [_thread_blocked, id=18179, stack(0x000000011b95b000,0x000000011ba5b000)]
  0x00007fdab9007800 JavaThread "C1 CompilerThread2" daemon [_thread_blocked, id=17667, stack(0x000000011b858000,0x000000011b958000)]
  0x00007fdab9007000 JavaThread "C2 CompilerThread1" daemon [_thread_blocked, id=17155, stack(0x000000011b755000,0x000000011b855000)]
  0x00007fdab9005000 JavaThread "C2 CompilerThread0" daemon [_thread_blocked, id=16643, stack(0x000000011b652000,0x000000011b752000)]
  0x00007fdab9003800 JavaThread "Signal Dispatcher" daemon [_thread_blocked, id=13335, stack(0x000000011b54f000,0x000000011b64f000)]
  0x00007fdab9862000 JavaThread "Finalizer" daemon [_thread_blocked, id=11523, stack(0x0000000119b33000,0x0000000119c33000)]
  0x00007fdab9861800 JavaThread "Reference Handler" daemon [_thread_blocked, id=11011, stack(0x0000000119a30000,0x0000000119b30000)]

Other Threads:
  0x00007fdab985e800 VMThread [stack: 0x000000011992d000,0x0000000119a2d000] [id=10499]
  0x00007fdab9004800 WatcherThread [stack: 0x000000011ba5e000,0x000000011bb5e000] [id=18691]

VM state:not at safepoint (normal execution)

VM Mutex/Monitor currently owned by a thread: None

Heap:
 PSYoungGen      total 24576K, used 22264K [0x0000000795580000, 0x0000000796e80000, 0x00000007c0000000)
  eden space 24064K, 92% used [0x0000000795580000,0x0000000796b26078,0x0000000796d00000)
  from space 512K, 18% used [0x0000000796e00000,0x0000000796e18000,0x0000000796e80000)
  to   space 512K, 0% used [0x0000000796d80000,0x0000000796d80000,0x0000000796e00000)
 ParOldGen       total 87552K, used 3323K [0x0000000740000000, 0x0000000745580000, 0x0000000795580000)
  object space 87552K, 3% used [0x0000000740000000,0x000000074033ee68,0x0000000745580000)
 Metaspace       used 10771K, capacity 10915K, committed 11136K, reserved 1058816K
  class space    used 1052K, capacity 1112K, committed 1152K, reserved 1048576K

Card table byte_map: [0x0000000112f7e000,0x000000011337f000] byte_map_base: 0x000000010f57e000

Marking Bits: (ParMarkBitMap*) 0x00000001034dee20
 Begin Bits: [0x0000000113a36000, 0x0000000115a36000)
 End Bits:   [0x0000000115a36000, 0x0000000117a36000)

Polling page: 0x00000001023e7000

CodeCache: size=245760Kb used=5317Kb max_used=5903Kb free=240442Kb
 bounds [0x0000000103bbe000, 0x000000010418e000, 0x0000000112bbe000]
 total_blobs=1984 nmethods=1474 adapters=423
 compilation: enabled

Compilation events (10 events):
Event: 14.446 Thread 0x00007fdab9005000 1610       4       com.badlogic.gdx.graphics.g3d.ModelBatch::render (80 bytes)
Event: 14.449 Thread 0x00007fdab9007000 1611       4       com.badlogic.gdx.graphics.g3d.ModelBatch::flush (119 bytes)
Event: 14.464 Thread 0x00007fdab9005000 nmethod 1610 0x0000000103ef9210 code [0x0000000103ef9480, 0x0000000103efa0f8]
Event: 14.496 Thread 0x00007fdab9007000 nmethod 1611 0x0000000103ce8290 code [0x0000000103ce85e0, 0x0000000103ce9bc0]
Event: 14.610 Thread 0x00007fdab9007800 1612       3       java.nio.charset.Charset::lookup (44 bytes)
Event: 14.610 Thread 0x00007fdab9007800 nmethod 1612 0x0000000103ccf610 code [0x0000000103ccf7c0, 0x0000000103ccfca8]
Event: 14.707 Thread 0x00007fdab9007800 1613       1       java.nio.charset.CharsetDecoder::charset (5 bytes)
Event: 14.707 Thread 0x00007fdab9007800 nmethod 1613 0x0000000103f60c10 code [0x0000000103f60d60, 0x0000000103f60e70]
Event: 15.454 Thread 0x00007fdab9005000 1614       4       java.nio.DirectByteBuffer::put (18 bytes)
Event: 15.455 Thread 0x00007fdab9005000 nmethod 1614 0x0000000103f68750 code [0x0000000103f688a0, 0x0000000103f68958]

GC Heap History (10 events):
Event: 14.897 GC heap before
{Heap before GC invocations=84 (full 0):
 PSYoungGen      total 24576K, used 24096K [0x0000000795580000, 0x0000000796e80000, 0x00000007c0000000)
  eden space 24064K, 100% used [0x0000000795580000,0x0000000796d00000,0x0000000796d00000)
  from space 512K, 6% used [0x0000000796d80000,0x0000000796d88000,0x0000000796e00000)
  to   space 512K, 0% used [0x0000000796e00000,0x0000000796e00000,0x0000000796e80000)
 ParOldGen       total 87552K, used 3323K [0x0000000740000000, 0x0000000745580000, 0x0000000795580000)
  object space 87552K, 3% used [0x0000000740000000,0x000000074033ee68,0x0000000745580000)
 Metaspace       used 10763K, capacity 10915K, committed 11136K, reserved 1058816K
  class space    used 1051K, capacity 1112K, committed 1152K, reserved 1048576K
Event: 14.898 GC heap after
Heap after GC invocations=84 (full 0):
 PSYoungGen      total 24576K, used 64K [0x0000000795580000, 0x0000000796e80000, 0x00000007c0000000)
  eden space 24064K, 0% used [0x0000000795580000,0x0000000795580000,0x0000000796d00000)
  from space 512K, 12% used [0x0000000796e00000,0x0000000796e10000,0x0000000796e80000)
  to   space 512K, 0% used [0x0000000796d80000,0x0000000796d80000,0x0000000796e00000)
 ParOldGen       total 87552K, used 3323K [0x0000000740000000, 0x0000000745580000, 0x0000000795580000)
  object space 87552K, 3% used [0x0000000740000000,0x000000074033ee68,0x0000000745580000)
 Metaspace       used 10763K, capacity 10915K, committed 11136K, reserved 1058816K
  class space    used 1051K, capacity 1112K, committed 1152K, reserved 1048576K
}
Event: 15.024 GC heap before
{Heap before GC invocations=85 (full 0):
 PSYoungGen      total 24576K, used 24128K [0x0000000795580000, 0x0000000796e80000, 0x00000007c0000000)
  eden space 24064K, 100% used [0x0000000795580000,0x0000000796d00000,0x0000000796d00000)
  from space 512K, 12% used [0x0000000796e00000,0x0000000796e10000,0x0000000796e80000)
  to   space 512K, 0% used [0x0000000796d80000,0x0000000796d80000,0x0000000796e00000)
 ParOldGen       total 87552K, used 3323K [0x0000000740000000, 0x0000000745580000, 0x0000000795580000)
  object space 87552K, 3% used [0x0000000740000000,0x000000074033ee68,0x0000000745580000)
 Metaspace       used 10763K, capacity 10915K, committed 11136K, reserved 1058816K
  class space    used 1051K, capacity 1112K, committed 1152K, reserved 1048576K
Event: 15.024 GC heap after
Heap after GC invocations=85 (full 0):
 PSYoungGen      total 24576K, used 64K [0x0000000795580000, 0x0000000796e80000, 0x00000007c0000000)
  eden space 24064K, 0% used [0x0000000795580000,0x0000000795580000,0x0000000796d00000)
  from space 512K, 12% used [0x0000000796d80000,0x0000000796d90000,0x0000000796e00000)
  to   space 512K, 0% used [0x0000000796e00000,0x0000000796e00000,0x0000000796e80000)
 ParOldGen       total 87552K, used 3323K [0x0000000740000000, 0x0000000745580000, 0x0000000795580000)
  object space 87552K, 3% used [0x0000000740000000,0x000000074033ee68,0x0000000745580000)
 Metaspace       used 10763K, capacity 10915K, committed 11136K, reserved 1058816K
  class space    used 1051K, capacity 1112K, committed 1152K, reserved 1048576K
}
Event: 15.155 GC heap before
{Heap before GC invocations=86 (full 0):
 PSYoungGen      total 24576K, used 24128K [0x0000000795580000, 0x0000000796e80000, 0x00000007c0000000)
  eden space 24064K, 100% used [0x0000000795580000,0x0000000796d00000,0x0000000796d00000)
  from space 512K, 12% used [0x0000000796d80000,0x0000000796d90000,0x0000000796e00000)
  to   space 512K, 0% used [0x0000000796e00000,0x0000000796e00000,0x0000000796e80000)
 ParOldGen       total 87552K, used 3323K [0x0000000740000000, 0x0000000745580000, 0x0000000795580000)
  object space 87552K, 3% used [0x0000000740000000,0x000000074033ee68,0x0000000745580000)
 Metaspace       used 10763K, capacity 10915K, committed 11136K, reserved 1058816K
  class space    used 1051K, capacity 1112K, committed 1152K, reserved 1048576K
Event: 15.155 GC heap after
Heap after GC invocations=86 (full 0):
 PSYoungGen      total 24576K, used 64K [0x0000000795580000, 0x0000000796e80000, 0x00000007c0000000)
  eden space 24064K, 0% used [0x0000000795580000,0x0000000795580000,0x0000000796d00000)
  from space 512K, 12% used [0x0000000796e00000,0x0000000796e10000,0x0000000796e80000)
  to   space 512K, 0% used [0x0000000796d80000,0x0000000796d80000,0x0000000796e00000)
 ParOldGen       total 87552K, used 3323K [0x0000000740000000, 0x0000000745580000, 0x0000000795580000)
  object space 87552K, 3% used [0x0000000740000000,0x000000074033ee68,0x0000000745580000)
 Metaspace       used 10763K, capacity 10915K, committed 11136K, reserved 1058816K
  class space    used 1051K, capacity 1112K, committed 1152K, reserved 1048576K
}
Event: 15.261 GC heap before
{Heap before GC invocations=87 (full 0):
 PSYoungGen      total 24576K, used 24128K [0x0000000795580000, 0x0000000796e80000, 0x00000007c0000000)
  eden space 24064K, 100% used [0x0000000795580000,0x0000000796d00000,0x0000000796d00000)
  from space 512K, 12% used [0x0000000796e00000,0x0000000796e10000,0x0000000796e80000)
  to   space 512K, 0% used [0x0000000796d80000,0x0000000796d80000,0x0000000796e00000)
 ParOldGen       total 87552K, used 3323K [0x0000000740000000, 0x0000000745580000, 0x0000000795580000)
  object space 87552K, 3% used [0x0000000740000000,0x000000074033ee68,0x0000000745580000)
 Metaspace       used 10763K, capacity 10915K, committed 11136K, reserved 1058816K
  class space    used 1051K, capacity 1112K, committed 1152K, reserved 1048576K
Event: 15.261 GC heap after
Heap after GC invocations=87 (full 0):
 PSYoungGen      total 24576K, used 96K [0x0000000795580000, 0x0000000796e80000, 0x00000007c0000000)
  eden space 24064K, 0% used [0x0000000795580000,0x0000000795580000,0x0000000796d00000)
  from space 512K, 18% used [0x0000000796d80000,0x0000000796d98000,0x0000000796e00000)
  to   space 512K, 0% used [0x0000000796e00000,0x0000000796e00000,0x0000000796e80000)
 ParOldGen       total 87552K, used 3323K [0x0000000740000000, 0x0000000745580000, 0x0000000795580000)
  object space 87552K, 3% used [0x0000000740000000,0x000000074033ee68,0x0000000745580000)
 Metaspace       used 10763K, capacity 10915K, committed 11136K, reserved 1058816K
  class space    used 1051K, capacity 1112K, committed 1152K, reserved 1048576K
}
Event: 15.366 GC heap before
{Heap before GC invocations=88 (full 0):
 PSYoungGen      total 24576K, used 24160K [0x0000000795580000, 0x0000000796e80000, 0x00000007c0000000)
  eden space 24064K, 100% used [0x0000000795580000,0x0000000796d00000,0x0000000796d00000)
  from space 512K, 18% used [0x0000000796d80000,0x0000000796d98000,0x0000000796e00000)
  to   space 512K, 0% used [0x0000000796e00000,0x0000000796e00000,0x0000000796e80000)
 ParOldGen       total 87552K, used 3323K [0x0000000740000000, 0x0000000745580000, 0x0000000795580000)
  object space 87552K, 3% used [0x0000000740000000,0x000000074033ee68,0x0000000745580000)
 Metaspace       used 10763K, capacity 10915K, committed 11136K, reserved 1058816K
  class space    used 1051K, capacity 1112K, committed 1152K, reserved 1048576K
Event: 15.366 GC heap after
Heap after GC invocations=88 (full 0):
 PSYoungGen      total 24576K, used 96K [0x0000000795580000, 0x0000000796e80000, 0x00000007c0000000)
  eden space 24064K, 0% used [0x0000000795580000,0x0000000795580000,0x0000000796d00000)
  from space 512K, 18% used [0x0000000796e00000,0x0000000796e18000,0x0000000796e80000)
  to   space 512K, 0% used [0x0000000796d80000,0x0000000796d80000,0x0000000796e00000)
 ParOldGen       total 87552K, used 3323K [0x0000000740000000, 0x0000000745580000, 0x0000000795580000)
  object space 87552K, 3% used [0x0000000740000000,0x000000074033ee68,0x0000000745580000)
 Metaspace       used 10763K, capacity 10915K, committed 11136K, reserved 1058816K
  class space    used 1051K, capacity 1112K, committed 1152K, reserved 1048576K
}

Deoptimization events (10 events):
Event: 4.002 Thread 0x00007fdab883d000 Uncommon trap: reason=class_check action=maybe_recompile pc=0x0000000103ec9888 method=sun.misc.FloatingDecimal.parseFloat(Ljava/lang/String;)F @ 4
Event: 4.004 Thread 0x00007fdab883d000 Uncommon trap: reason=class_check action=maybe_recompile pc=0x0000000103ec9888 method=sun.misc.FloatingDecimal.parseFloat(Ljava/lang/String;)F @ 4
Event: 4.013 Thread 0x00007fdab883d000 Uncommon trap: reason=class_check action=maybe_recompile pc=0x0000000103ec9888 method=sun.misc.FloatingDecimal.parseFloat(Ljava/lang/String;)F @ 4
Event: 4.031 Thread 0x00007fdab883d000 Uncommon trap: reason=unstable_if action=reinterpret pc=0x0000000103f7bb1c method=sun.misc.FloatingDecimal.readJavaFormatString(Ljava/lang/String;)Lsun/misc/FloatingDecimal$ASCIIToBinaryConverter; @ 235
Event: 4.082 Thread 0x00007fdab883d000 Uncommon trap: reason=unstable_if action=reinterpret pc=0x0000000103ebdce0 method=java.lang.Math.max(FF)F @ 37
Event: 4.106 Thread 0x00007fdab883d000 Uncommon trap: reason=unstable_if action=reinterpret pc=0x0000000103fb2f10 method=java.util.regex.Pattern$Start.match(Ljava/util/regex/Matcher;ILjava/lang/CharSequence;)Z @ 10
Event: 5.084 Thread 0x00007fdab91f4000 Uncommon trap: reason=unstable_if action=reinterpret pc=0x0000000103f9e6e0 method=sun.misc.FloatingDecimal$ASCIIToBinaryBuffer.floatValue()F @ 1001
Event: 6.426 Thread 0x00007fdab883d000 Uncommon trap: reason=unstable_if action=reinterpret pc=0x0000000103ebc350 method=sun.misc.FDBigInteger.leftShift(I)Lsun/misc/FDBigInteger; @ 26
Event: 6.426 Thread 0x00007fdab883d000 Uncommon trap: reason=unstable_if action=reinterpret pc=0x0000000104081fe8 method=sun.misc.FDBigInteger.cmp(Lsun/misc/FDBigInteger;)I @ 22
Event: 7.143 Thread 0x00007fdab91f4000 Uncommon trap: reason=unstable_if action=reinterpret pc=0x0000000104091444 method=sun.misc.FloatingDecimal$ASCIIToBinaryBuffer.floatValue()F @ 1041

Internal exceptions (10 events):
Event: 0.204 Thread 0x00007fdab880e000 Exception <a 'java/lang/NoSuchFieldError': method resolution failed> (0x0000000795ad9650) thrown at [/Users/java_re/workspace/8-2-build-macosx-x86_64/jdk8u65/4987/hotspot/src/share/vm/prims/methodHandles.cpp, line 1146]
Event: 0.206 Thread 0x00007fdab880e000 Exception <a 'java/lang/NoSuchFieldError': method resolution failed> (0x0000000795ae6da0) thrown at [/Users/java_re/workspace/8-2-build-macosx-x86_64/jdk8u65/4987/hotspot/src/share/vm/prims/methodHandles.cpp, line 1146]
Event: 0.386 Thread 0x00007fdab880e000 Exception <a 'java/io/FileNotFoundException'> (0x0000000795b62450) thrown at [/Users/java_re/workspace/8-2-build-macosx-x86_64/jdk8u65/4987/hotspot/src/share/vm/prims/jni.cpp, line 709]
Event: 0.386 Thread 0x00007fdab880e000 Exception <a 'java/io/FileNotFoundException'> (0x0000000795b62fb8) thrown at [/Users/java_re/workspace/8-2-build-macosx-x86_64/jdk8u65/4987/hotspot/src/share/vm/prims/jni.cpp, line 709]
Event: 0.399 Thread 0x00007fdab880e000 Exception <a 'java/security/PrivilegedActionException'> (0x0000000795b8cc68) thrown at [/Users/java_re/workspace/8-2-build-macosx-x86_64/jdk8u65/4987/hotspot/src/share/vm/prims/jvm.cpp, line 1386]
Event: 0.399 Thread 0x00007fdab880e000 Exception <a 'java/security/PrivilegedActionException'> (0x0000000795b8e850) thrown at [/Users/java_re/workspace/8-2-build-macosx-x86_64/jdk8u65/4987/hotspot/src/share/vm/prims/jvm.cpp, line 1386]
Event: 0.399 Thread 0x00007fdab880e000 Exception <a 'java/security/PrivilegedActionException'> (0x0000000795b8f970) thrown at [/Users/java_re/workspace/8-2-build-macosx-x86_64/jdk8u65/4987/hotspot/src/share/vm/prims/jvm.cpp, line 1386]
Event: 0.399 Thread 0x00007fdab880e000 Exception <a 'java/security/PrivilegedActionException'> (0x0000000795b94a90) thrown at [/Users/java_re/workspace/8-2-build-macosx-x86_64/jdk8u65/4987/hotspot/src/share/vm/prims/jvm.cpp, line 1386]
Event: 0.399 Thread 0x00007fdab880e000 Exception <a 'java/security/PrivilegedActionException'> (0x0000000795b956e8) thrown at [/Users/java_re/workspace/8-2-build-macosx-x86_64/jdk8u65/4987/hotspot/src/share/vm/prims/jvm.cpp, line 1386]
Event: 0.399 Thread 0x00007fdab880e000 Exception <a 'java/security/PrivilegedActionException'> (0x0000000795b96310) thrown at [/Users/java_re/workspace/8-2-build-macosx-x86_64/jdk8u65/4987/hotspot/src/share/vm/prims/jvm.cpp, line 1386]

Events (10 events):
Event: 15.155 Executing VM operation: ParallelGCFailedAllocation
Event: 15.155 Executing VM operation: ParallelGCFailedAllocation done
Event: 15.261 Executing VM operation: ParallelGCFailedAllocation
Event: 15.261 Executing VM operation: ParallelGCFailedAllocation done
Event: 15.366 Executing VM operation: ParallelGCFailedAllocation
Event: 15.366 Executing VM operation: ParallelGCFailedAllocation done
Event: 15.446 loading class com/badlogic/gdx/backends/lwjgl/LwjglApplication$2
Event: 15.446 loading class com/badlogic/gdx/backends/lwjgl/LwjglApplication$2 done
Event: 15.453 loading class org/lwjgl/opengl/CallbackUtil
Event: 15.453 loading class org/lwjgl/opengl/CallbackUtil done


Dynamic libraries:
0x000000000a784000 	/System/Library/Frameworks/Cocoa.framework/Versions/A/Cocoa
0x000000000a784000 	/System/Library/Frameworks/Security.framework/Versions/A/Security
0x000000000a784000 	/System/Library/Frameworks/ApplicationServices.framework/Versions/A/ApplicationServices
0x000000000a784000 	/usr/lib/libz.1.dylib
0x000000000a784000 	/usr/lib/libSystem.B.dylib
0x000000000a784000 	/usr/lib/libobjc.A.dylib
0x000000000a784000 	/System/Library/Frameworks/CoreFoundation.framework/Versions/A/CoreFoundation
0x000000000a784000 	/System/Library/Frameworks/Foundation.framework/Versions/C/Foundation
0x000000000a784000 	/System/Library/Frameworks/AppKit.framework/Versions/C/AppKit
0x000000000a784000 	/System/Library/Frameworks/CoreData.framework/Versions/A/CoreData
0x000000000a784000 	/System/Library/PrivateFrameworks/RemoteViewServices.framework/Versions/A/RemoteViewServices
0x000000000a784000 	/System/Library/PrivateFrameworks/UIFoundation.framework/Versions/A/UIFoundation
0x000000000a784000 	/System/Library/Frameworks/IOSurface.framework/Versions/A/IOSurface
0x000000000a784000 	/System/Library/Frameworks/AudioToolbox.framework/Versions/A/AudioToolbox
0x000000000a784000 	/System/Library/Frameworks/AudioUnit.framework/Versions/A/AudioUnit
0x000000000a784000 	/System/Library/PrivateFrameworks/DataDetectorsCore.framework/Versions/A/DataDetectorsCore
0x000000000a784000 	/System/Library/PrivateFrameworks/DesktopServicesPriv.framework/Versions/A/DesktopServicesPriv
0x000000000a784000 	/System/Library/Frameworks/Carbon.framework/Versions/A/Frameworks/HIToolbox.framework/Versions/A/HIToolbox
0x000000000a784000 	/System/Library/Frameworks/QuartzCore.framework/Versions/A/QuartzCore
0x000000000a784000 	/System/Library/Frameworks/Carbon.framework/Versions/A/Frameworks/SpeechRecognition.framework/Versions/A/SpeechRecognition
0x000000000a784000 	/usr/lib/libauto.dylib
0x000000000a784000 	/usr/lib/libicucore.A.dylib
0x000000000a784000 	/usr/lib/libxml2.2.dylib
0x000000000a784000 	/System/Library/PrivateFrameworks/CoreUI.framework/Versions/A/CoreUI
0x000000000a784000 	/System/Library/Frameworks/CoreAudio.framework/Versions/A/CoreAudio
0x000000000a784000 	/System/Library/Frameworks/DiskArbitration.framework/Versions/A/DiskArbitration
0x000000000a784000 	/usr/lib/liblangid.dylib
0x000000000a784000 	/System/Library/PrivateFrameworks/MultitouchSupport.framework/Versions/A/MultitouchSupport
0x000000000a784000 	/System/Library/Frameworks/IOKit.framework/Versions/A/IOKit
0x000000000a784000 	/usr/lib/libDiagnosticMessagesClient.dylib
0x000000000a784000 	/System/Library/Frameworks/CoreServices.framework/Versions/A/CoreServices
0x000000000a784000 	/System/Library/PrivateFrameworks/PerformanceAnalysis.framework/Versions/A/PerformanceAnalysis
0x000000000a784000 	/System/Library/PrivateFrameworks/GenerationalStorage.framework/Versions/A/GenerationalStorage
0x000000000a784000 	/System/Library/Frameworks/OpenGL.framework/Versions/A/OpenGL
0x000000000a784000 	/System/Library/PrivateFrameworks/Sharing.framework/Versions/A/Sharing
0x000000000a784000 	/System/Library/Frameworks/CoreGraphics.framework/Versions/A/CoreGraphics
0x000000000a784000 	/System/Library/Frameworks/CoreText.framework/Versions/A/CoreText
0x000000000a784000 	/System/Library/Frameworks/ImageIO.framework/Versions/A/ImageIO
0x000000000a784000 	/usr/lib/libextension.dylib
0x000000000a784000 	/System/Library/PrivateFrameworks/Backup.framework/Versions/A/Backup
0x000000000a784000 	/usr/lib/libarchive.2.dylib
0x000000000a784000 	/System/Library/Frameworks/CFNetwork.framework/Versions/A/CFNetwork
0x000000000a784000 	/System/Library/Frameworks/SystemConfiguration.framework/Versions/A/SystemConfiguration
0x000000000a784000 	/usr/lib/libCRFSuite.dylib
0x000000000a784000 	/usr/lib/libc++.1.dylib
0x000000000a784000 	/usr/lib/libc++abi.dylib
0x000000000a784000 	/usr/lib/system/libcache.dylib
0x000000000a784000 	/usr/lib/system/libcommonCrypto.dylib
0x000000000a784000 	/usr/lib/system/libcompiler_rt.dylib
0x000000000a784000 	/usr/lib/system/libcopyfile.dylib
0x000000000a784000 	/usr/lib/system/libcorecrypto.dylib
0x000000000a784000 	/usr/lib/system/libdispatch.dylib
0x000000000a784000 	/usr/lib/system/libdyld.dylib
0x000000000a784000 	/usr/lib/system/libkeymgr.dylib
0x000000000a784000 	/usr/lib/system/liblaunch.dylib
0x000000000a784000 	/usr/lib/system/libmacho.dylib
0x000000000a784000 	/usr/lib/system/libquarantine.dylib
0x000000000a784000 	/usr/lib/system/libremovefile.dylib
0x000000000a784000 	/usr/lib/system/libsystem_asl.dylib
0x000000000a784000 	/usr/lib/system/libsystem_blocks.dylib
0x000000000a784000 	/usr/lib/system/libsystem_c.dylib
0x000000000a784000 	/usr/lib/system/libsystem_configuration.dylib
0x000000000a784000 	/usr/lib/system/libsystem_coreservices.dylib
0x000000000a784000 	/usr/lib/system/libsystem_coretls.dylib
0x000000000a784000 	/usr/lib/system/libsystem_dnssd.dylib
0x000000000a784000 	/usr/lib/system/libsystem_info.dylib
0x000000000a784000 	/usr/lib/system/libsystem_kernel.dylib
0x000000000a784000 	/usr/lib/system/libsystem_m.dylib
0x000000000a784000 	/usr/lib/system/libsystem_malloc.dylib
0x000000000a784000 	/usr/lib/system/libsystem_network.dylib
0x000000000a784000 	/usr/lib/system/libsystem_networkextension.dylib
0x000000000a784000 	/usr/lib/system/libsystem_notify.dylib
0x000000000a784000 	/usr/lib/system/libsystem_platform.dylib
0x000000000a784000 	/usr/lib/system/libsystem_pthread.dylib
0x000000000a784000 	/usr/lib/system/libsystem_sandbox.dylib
0x000000000a784000 	/usr/lib/system/libsystem_secinit.dylib
0x000000000a784000 	/usr/lib/system/libsystem_stats.dylib
0x000000000a784000 	/usr/lib/system/libsystem_trace.dylib
0x000000000a784000 	/usr/lib/system/libunc.dylib
0x000000000a784000 	/usr/lib/system/libunwind.dylib
0x000000000a784000 	/usr/lib/system/libxpc.dylib
0x000000000a784000 	/usr/lib/libbz2.1.0.dylib
0x000000000a784000 	/usr/lib/liblzma.5.dylib
0x000000000a784000 	/usr/lib/libbsm.0.dylib
0x000000000a784000 	/usr/lib/libsqlite3.dylib
0x000000000a784000 	/usr/lib/system/libkxld.dylib
0x000000000a784000 	/usr/lib/libxar.1.dylib
0x000000000a784000 	/usr/lib/libpam.2.dylib
0x000000000a784000 	/usr/lib/libOpenScriptingUtil.dylib
0x000000000a784000 	/System/Library/Frameworks/CoreServices.framework/Versions/A/Frameworks/FSEvents.framework/Versions/A/FSEvents
0x000000000a784000 	/System/Library/Frameworks/CoreServices.framework/Versions/A/Frameworks/CarbonCore.framework/Versions/A/CarbonCore
0x000000000a784000 	/System/Library/Frameworks/CoreServices.framework/Versions/A/Frameworks/Metadata.framework/Versions/A/Metadata
0x000000000a784000 	/System/Library/Frameworks/CoreServices.framework/Versions/A/Frameworks/OSServices.framework/Versions/A/OSServices
0x000000000a784000 	/System/Library/Frameworks/CoreServices.framework/Versions/A/Frameworks/SearchKit.framework/Versions/A/SearchKit
0x000000000a784000 	/System/Library/Frameworks/CoreServices.framework/Versions/A/Frameworks/AE.framework/Versions/A/AE
0x000000000a784000 	/System/Library/Frameworks/CoreServices.framework/Versions/A/Frameworks/LaunchServices.framework/Versions/A/LaunchServices
0x000000000a784000 	/System/Library/Frameworks/CoreServices.framework/Versions/A/Frameworks/DictionaryServices.framework/Versions/A/DictionaryServices
0x000000000a784000 	/System/Library/Frameworks/NetFS.framework/Versions/A/NetFS
0x000000000a784000 	/System/Library/PrivateFrameworks/NetAuth.framework/Versions/A/NetAuth
0x000000000a784000 	/System/Library/PrivateFrameworks/login.framework/Versions/A/Frameworks/loginsupport.framework/Versions/A/loginsupport
0x000000000a784000 	/System/Library/PrivateFrameworks/TCC.framework/Versions/A/TCC
0x000000000a784000 	/usr/lib/libmecabra.dylib
0x000000000a784000 	/System/Library/Frameworks/ApplicationServices.framework/Versions/A/Frameworks/ATS.framework/Versions/A/ATS
0x000000000a784000 	/System/Library/Frameworks/ApplicationServices.framework/Versions/A/Frameworks/ColorSync.framework/Versions/A/ColorSync
0x000000000a784000 	/System/Library/Frameworks/ApplicationServices.framework/Versions/A/Frameworks/HIServices.framework/Versions/A/HIServices
0x000000000a784000 	/System/Library/Frameworks/ApplicationServices.framework/Versions/A/Frameworks/LangAnalysis.framework/Versions/A/LangAnalysis
0x000000000a784000 	/System/Library/Frameworks/ApplicationServices.framework/Versions/A/Frameworks/PrintCore.framework/Versions/A/PrintCore
0x000000000a784000 	/System/Library/Frameworks/ApplicationServices.framework/Versions/A/Frameworks/QD.framework/Versions/A/QD
0x000000000a784000 	/System/Library/Frameworks/ApplicationServices.framework/Versions/A/Frameworks/SpeechSynthesis.framework/Versions/A/SpeechSynthesis
0x000000000a784000 	/System/Library/Frameworks/Accelerate.framework/Versions/A/Accelerate
0x000000000a784000 	/System/Library/Frameworks/Accelerate.framework/Versions/A/Frameworks/vImage.framework/Versions/A/vImage
0x000000000a784000 	/System/Library/Frameworks/Accelerate.framework/Versions/A/Frameworks/vecLib.framework/Versions/A/vecLib
0x000000000a784000 	/System/Library/Frameworks/Accelerate.framework/Versions/A/Frameworks/vecLib.framework/Versions/A/libvDSP.dylib
0x000000000a784000 	/System/Library/Frameworks/Accelerate.framework/Versions/A/Frameworks/vecLib.framework/Versions/A/libvMisc.dylib
0x000000000a784000 	/System/Library/Frameworks/Accelerate.framework/Versions/A/Frameworks/vecLib.framework/Versions/A/libLAPACK.dylib
0x000000000a784000 	/System/Library/Frameworks/Accelerate.framework/Versions/A/Frameworks/vecLib.framework/Versions/A/libBLAS.dylib
0x000000000a784000 	/System/Library/Frameworks/Accelerate.framework/Versions/A/Frameworks/vecLib.framework/Versions/A/libLinearAlgebra.dylib
0x000000000a784000 	/System/Library/Frameworks/ApplicationServices.framework/Versions/A/Frameworks/ATS.framework/Versions/A/Resources/libFontParser.dylib
0x000000000a784000 	/System/Library/Frameworks/ApplicationServices.framework/Versions/A/Frameworks/ATS.framework/Versions/A/Resources/libFontRegistry.dylib
0x000000000a784000 	/System/Library/PrivateFrameworks/AppleVPA.framework/Versions/A/AppleVPA
0x000000000a784000 	/System/Library/PrivateFrameworks/AppleJPEG.framework/Versions/A/AppleJPEG
0x000000000a784000 	/System/Library/Frameworks/ImageIO.framework/Versions/A/Resources/libJPEG.dylib
0x000000000a784000 	/System/Library/Frameworks/ImageIO.framework/Versions/A/Resources/libTIFF.dylib
0x000000000a784000 	/System/Library/Frameworks/ImageIO.framework/Versions/A/Resources/libPng.dylib
0x000000000a784000 	/System/Library/Frameworks/ImageIO.framework/Versions/A/Resources/libGIF.dylib
0x000000000a784000 	/System/Library/Frameworks/ImageIO.framework/Versions/A/Resources/libJP2.dylib
0x000000000a784000 	/System/Library/Frameworks/ImageIO.framework/Versions/A/Resources/libRadiance.dylib
0x000000000a784000 	/System/Library/Frameworks/CoreVideo.framework/Versions/A/CoreVideo
0x000000000a784000 	/System/Library/Frameworks/OpenGL.framework/Versions/A/Libraries/libGLU.dylib
0x000000000a784000 	/System/Library/Frameworks/OpenGL.framework/Versions/A/Libraries/libGFXShared.dylib
0x000000000a784000 	/System/Library/Frameworks/OpenGL.framework/Versions/A/Libraries/libGL.dylib
0x000000000a784000 	/System/Library/Frameworks/OpenGL.framework/Versions/A/Libraries/libGLImage.dylib
0x000000000a784000 	/System/Library/Frameworks/OpenGL.framework/Versions/A/Libraries/libCVMSPluginSupport.dylib
0x000000000a784000 	/System/Library/Frameworks/OpenGL.framework/Versions/A/Libraries/libCoreVMClient.dylib
0x000000000a784000 	/usr/lib/libcups.2.dylib
0x000000000a784000 	/System/Library/Frameworks/Kerberos.framework/Versions/A/Kerberos
0x000000000a784000 	/System/Library/Frameworks/GSS.framework/Versions/A/GSS
0x000000000a784000 	/usr/lib/libresolv.9.dylib
0x000000000a784000 	/usr/lib/libiconv.2.dylib
0x000000000a784000 	/System/Library/PrivateFrameworks/Heimdal.framework/Versions/A/Heimdal
0x000000000a784000 	/usr/lib/libheimdal-asn1.dylib
0x000000000a784000 	/System/Library/Frameworks/OpenDirectory.framework/Versions/A/OpenDirectory
0x000000000a784000 	/System/Library/PrivateFrameworks/CommonAuth.framework/Versions/A/CommonAuth
0x000000000a784000 	/System/Library/Frameworks/OpenDirectory.framework/Versions/A/Frameworks/CFOpenDirectory.framework/Versions/A/CFOpenDirectory
0x000000000a784000 	/System/Library/Frameworks/SecurityFoundation.framework/Versions/A/SecurityFoundation
0x000000000a784000 	/System/Library/PrivateFrameworks/LanguageModeling.framework/Versions/A/LanguageModeling
0x000000000a784000 	/usr/lib/libcmph.dylib
0x000000000a784000 	/System/Library/Frameworks/ServiceManagement.framework/Versions/A/ServiceManagement
0x000000000a784000 	/usr/lib/libxslt.1.dylib
0x000000000a784000 	/System/Library/Frameworks/Carbon.framework/Versions/A/Frameworks/Ink.framework/Versions/A/Ink
0x000000000a784000 	/System/Library/Frameworks/QuartzCore.framework/Versions/A/Frameworks/CoreImage.framework/Versions/A/CoreImage
0x000000000a784000 	/System/Library/PrivateFrameworks/CrashReporterSupport.framework/Versions/A/CrashReporterSupport
0x000000000a784000 	/System/Library/Frameworks/OpenCL.framework/Versions/A/OpenCL
0x000000000a784000 	/System/Library/PrivateFrameworks/FaceCore.framework/Versions/A/FaceCore
0x000000000a784000 	/System/Library/PrivateFrameworks/Ubiquity.framework/Versions/A/Ubiquity
0x000000000a784000 	/System/Library/PrivateFrameworks/IconServices.framework/Versions/A/IconServices
0x000000000a784000 	/System/Library/PrivateFrameworks/ChunkingLibrary.framework/Versions/A/ChunkingLibrary
0x000000000a784000 	/System/Library/PrivateFrameworks/Apple80211.framework/Versions/A/Apple80211
0x000000000a784000 	/System/Library/Frameworks/CoreWLAN.framework/Versions/A/CoreWLAN
0x000000000a784000 	/System/Library/Frameworks/IOBluetooth.framework/Versions/A/IOBluetooth
0x000000000a784000 	/System/Library/PrivateFrameworks/CoreWiFi.framework/Versions/A/CoreWiFi
0x000000000a784000 	/System/Library/Frameworks/CoreBluetooth.framework/Versions/A/CoreBluetooth
0x000000000a784000 	/System/Library/PrivateFrameworks/DebugSymbols.framework/Versions/A/DebugSymbols
0x000000000a784000 	/System/Library/PrivateFrameworks/CoreSymbolication.framework/Versions/A/CoreSymbolication
0x000000000a784000 	/System/Library/PrivateFrameworks/Symbolication.framework/Versions/A/Symbolication
0x000000000a784000 	/System/Library/PrivateFrameworks/SpeechRecognitionCore.framework/Versions/A/SpeechRecognitionCore
0x0000000102c00000 	/Library/Java/JavaVirtualMachines/jdk1.8.0_65.jdk/Contents/Home/jre/lib/server/libjvm.dylib
0x000000000a784000 	/usr/lib/libstdc++.6.dylib
0x00000001023d9000 	/Library/Java/JavaVirtualMachines/jdk1.8.0_65.jdk/Contents/Home/jre/lib/libverify.dylib
0x0000000103b89000 	/Library/Java/JavaVirtualMachines/jdk1.8.0_65.jdk/Contents/Home/jre/lib/libjava.dylib
0x00000001023f1000 	/Library/Java/JavaVirtualMachines/jdk1.8.0_65.jdk/Contents/Home/jre/lib/libzip.dylib
0x0000000119c35000 	/System/Library/Frameworks/JavaVM.framework/Frameworks/JavaRuntimeSupport.framework/JavaRuntimeSupport
0x0000000119c4b000 	/System/Library/Frameworks/JavaVM.framework/Versions/A/Frameworks/JavaNativeFoundation.framework/Versions/A/JavaNativeFoundation
0x0000000119c5f000 	/System/Library/Frameworks/JavaVM.framework/Versions/A/JavaVM
0x000000000a784000 	/System/Library/Frameworks/Carbon.framework/Versions/A/Carbon
0x0000000119c6b000 	/System/Library/PrivateFrameworks/JavaLaunching.framework/Versions/A/JavaLaunching
0x000000000a784000 	/System/Library/Frameworks/Carbon.framework/Versions/A/Frameworks/CommonPanels.framework/Versions/A/CommonPanels
0x000000000a784000 	/System/Library/Frameworks/Carbon.framework/Versions/A/Frameworks/Help.framework/Versions/A/Help
0x000000000a784000 	/System/Library/Frameworks/Carbon.framework/Versions/A/Frameworks/ImageCapture.framework/Versions/A/ImageCapture
0x000000000a784000 	/System/Library/Frameworks/Carbon.framework/Versions/A/Frameworks/OpenScripting.framework/Versions/A/OpenScripting
0x000000000a784000 	/System/Library/Frameworks/Carbon.framework/Versions/A/Frameworks/Print.framework/Versions/A/Print
0x000000000a784000 	/System/Library/Frameworks/Carbon.framework/Versions/A/Frameworks/SecurityHI.framework/Versions/A/SecurityHI
0x000000011bbec000 	/private/var/folders/17/jxg8w8gx0qn4rlskndss0mtm0000gn/T/libgdxferrancoma/ad4da71/libgdx64.dylib
0x000000011bc3f000 	/Library/Java/JavaVirtualMachines/jdk1.8.0_65.jdk/Contents/Home/jre/lib/libawt.dylib
0x000000011bce7000 	/Library/Java/JavaVirtualMachines/jdk1.8.0_65.jdk/Contents/Home/jre/lib/./libmlib_image.dylib
0x000000011bdb3000 	/Library/Java/JavaVirtualMachines/jdk1.8.0_65.jdk/Contents/Home/jre/lib/libawt_lwawt.dylib
0x000000011be68000 	/Library/Java/JavaVirtualMachines/jdk1.8.0_65.jdk/Contents/Home/jre/lib/./libosxapp.dylib
0x000000000a784000 	/System/Library/Frameworks/ExceptionHandling.framework/Versions/A/ExceptionHandling
0x000000000a784000 	/System/Library/PrivateFrameworks/CoreServicesInternal.framework/Versions/A/CoreServicesInternal
0x000000000a784000 	/System/Library/PrivateFrameworks/CloudDocs.framework/Versions/A/CloudDocs
0x000000000a784000 	/System/Library/PrivateFrameworks/CoreDuet.framework/Versions/A/CoreDuet
0x000000000a784000 	/System/Library/Frameworks/CloudKit.framework/Versions/A/CloudKit
0x000000000a784000 	/System/Library/PrivateFrameworks/ProtocolBuffer.framework/Versions/A/ProtocolBuffer
0x000000000a784000 	/System/Library/PrivateFrameworks/CoreDuetDaemonProtocol.framework/Versions/A/CoreDuetDaemonProtocol
0x000000000a784000 	/System/Library/PrivateFrameworks/CoreDuetDebugLogging.framework/Versions/A/CoreDuetDebugLogging
0x000000000a784000 	/System/Library/PrivateFrameworks/MMCS.framework/Versions/A/MMCS
0x000000000a784000 	/System/Library/Frameworks/CoreLocation.framework/Versions/A/CoreLocation
0x000000000a784000 	/System/Library/PrivateFrameworks/ProtectedCloudStorage.framework/Versions/A/ProtectedCloudStorage
0x000000000a784000 	/System/Library/PrivateFrameworks/GeoServices.framework/Versions/A/GeoServices
0x000000000a784000 	/System/Library/Frameworks/CoreGraphics.framework/Versions/A/Resources/libCGCMS.A.dylib
0x000000000a784000 	/System/Library/Frameworks/CoreGraphics.framework/Versions/A/Resources/libRIP.A.dylib
0x000000000a784000 	/System/Library/Frameworks/CoreGraphics.framework/Versions/A/Resources/libCGXType.A.dylib
0x000000000a784000 	/System/Library/Frameworks/OpenCL.framework/Versions/A/Libraries/libcldcpuengine.dylib
0x000000000a784000 	/System/Library/PrivateFrameworks/DiskImages.framework/Versions/A/DiskImages
0x000000000a784000 	/System/Library/Frameworks/DiscRecording.framework/Versions/A/DiscRecording
0x000000000a784000 	/usr/lib/libcsfde.dylib
0x000000000a784000 	/usr/lib/libcurl.4.dylib
0x000000000a784000 	/System/Library/PrivateFrameworks/MediaKit.framework/Versions/A/MediaKit
0x000000000a784000 	/usr/lib/libCoreStorage.dylib
0x000000000a784000 	/System/Library/PrivateFrameworks/EFILogin.framework/Versions/A/EFILogin
0x000000000a784000 	/usr/lib/libutil.dylib
0x000000000a784000 	/System/Library/PrivateFrameworks/FindMyDevice.framework/Versions/A/FindMyDevice
0x000000000a784000 	/System/Library/Frameworks/LDAP.framework/Versions/A/LDAP
0x000000000a784000 	/usr/lib/libsasl2.2.dylib
0x000000000a784000 	/System/Library/PrivateFrameworks/CoreDaemon.framework/Versions/B/CoreDaemon
0x000000000a784000 	/usr/lib/libcrypto.0.9.8.dylib
0x000000000a784000 	/System/Library/PrivateFrameworks/AppleSRP.framework/Versions/A/AppleSRP
0x000000000a784000 	/System/Library/PrivateFrameworks/TrustEvaluationAgent.framework/Versions/A/TrustEvaluationAgent
0x000000011f036000 	cl_kernels
0x000000011f038000 	/System/Library/Frameworks/OpenCL.framework/Versions/A/Libraries/ImageFormats/unorm8_bgra.dylib
0x000000011c1df000 	cl_kernels
0x000000000a784000 	/System/Library/PrivateFrameworks/FamilyControls.framework/Versions/A/FamilyControls
0x000000000a784000 	/System/Library/PrivateFrameworks/CommerceKit.framework/Versions/A/Frameworks/CommerceCore.framework/Versions/A/CommerceCore
0x000000000a784000 	/System/Library/PrivateFrameworks/SystemAdministration.framework/Versions/A/SystemAdministration
0x000000000a784000 	/System/Library/PrivateFrameworks/AppContainer.framework/Versions/A/AppContainer
0x000000000a784000 	/System/Library/PrivateFrameworks/SecCodeWrapper.framework/Versions/A/SecCodeWrapper
0x000000000a784000 	/System/Library/Frameworks/DirectoryService.framework/Versions/A/DirectoryService
0x000000000a784000 	/System/Library/PrivateFrameworks/LoginUIKit.framework/Versions/A/Frameworks/LoginUICore.framework/Versions/A/LoginUICore
0x000000000a784000 	/usr/lib/libodfde.dylib
0x0000000120270000 	/Library/Java/JavaVirtualMachines/jdk1.8.0_65.jdk/Contents/Home/jre/lib/libfontmanager.dylib
0x00000001202d7000 	/private/var/folders/17/jxg8w8gx0qn4rlskndss0mtm0000gn/T/libgdxferrancoma/f7649394/liblwjgl.dylib
0x000000011c1e8000 	/Library/Java/JavaVirtualMachines/jdk1.8.0_65.jdk/Contents/Home/jre/lib/libjawt.dylib
0x0000000120359000 	/var/folders/17/jxg8w8gx0qn4rlskndss0mtm0000gn/T/libgdxferrancoma/f7649394/openal.dylib
0x00000001203b5000 	/System/Library/Components/CoreAudio.component/Contents/MacOS/CoreAudio
0x000000012068e000 	/System/Library/Extensions/AppleHDA.kext/Contents/PlugIns/AppleHDAHALPlugIn.bundle/Contents/MacOS/AppleHDAHALPlugIn
0x000000000a784000 	/System/Library/Frameworks/OpenGL.framework/Versions/A/Resources/GLEngine.bundle/GLEngine
0x000000000a784000 	/System/Library/Frameworks/OpenGL.framework/Versions/A/Libraries/libGLProgrammability.dylib
0x0000000120832000 	/System/Library/Extensions/AppleIntelHD5000GraphicsGLDriver.bundle/Contents/MacOS/AppleIntelHD5000GraphicsGLDriver
0x000000000a784000 	/System/Library/PrivateFrameworks/IOAccelerator.framework/Versions/A/IOAccelerator
0x000000000a784000 	/System/Library/PrivateFrameworks/GPUSupport.framework/Versions/A/Libraries/libGPUSupportMercury.dylib
0x000000000a784000 	/System/Library/Frameworks/OpenGL.framework/Versions/A/Resources/GLRendererFloat.bundle/GLRendererFloat
0x0000000121c52000 	/Library/Java/JavaVirtualMachines/jdk1.8.0_65.jdk/Contents/Home/jre/lib/libnet.dylib
0x000000011e2e2000 	/private/var/folders/17/jxg8w8gx0qn4rlskndss0mtm0000gn/T/libgdxferrancoma/829212b4/libgdx-box2d64.dylib

VM Arguments:
jvm_args: -Dfile.encoding=UTF-8 
java_command: com.noxer.games.wii.desktop.DesktopLauncher
java_class_path (initial): /Users/ferrancoma/Desktop/hackUPC/WiiServer/desktop/bin:/Users/ferrancoma/.gradle/caches/modules-2/files-2.1/com.badlogicgames.box2dlights/box2dlights/1.4/3d77ad5b4164fb32fc67e2446e35911bb0aaf0bd/box2dlights-1.4.jar:/Users/ferrancoma/.gradle/caches/modules-2/files-2.1/com.badlogicgames.gdx/gdx-ai/1.8.0/ec30677d8ab1a8b8aa4b853c5f4e4b1361f50bf5/gdx-ai-1.8.0.jar:/Users/ferrancoma/.gradle/caches/modules-2/files-2.1/com.badlogicgames.gdx/gdx-backend-headless/1.9.2/813e6020de85cd831f02cb5e9060fd7ea8cb208e/gdx-backend-headless-1.9.2.jar:/Users/ferrancoma/.gradle/caches/modules-2/files-2.1/com.badlogicgames.gdx/gdx-backend-lwjgl/1.9.2/d710a8704ed584ec2ba9ca52e3a6a5885dd759cc/gdx-backend-lwjgl-1.9.2.jar:/Users/ferrancoma/.gradle/caches/modules-2/files-2.1/com.badlogicgames.gdx/gdx-box2d-platform/1.9.2/497cbfbf81e7e8b1e8433b19291c5af4bbc2ec66/gdx-box2d-platform-1.9.2-natives-desktop.jar:/Users/ferrancoma/.gradle/caches/modules-2/files-2.1/com.badlogicgames.gdx/gdx-box2d/1.9.2/b78eaa90aaaf7830e6dffff587ea6e859c2787b2/gdx-box2d-1.9.2.jar:/Users/ferrancoma/.gradle/caches/modules-2/files-2.1/com.badlogicgames.gdx/gdx-bullet-platform/1.9.2/e564d68941da54e44dfd3bfb3f8a9c349f42ff8/gdx-bullet-platform-1.9.2-natives-desktop.jar:/Users/ferrancoma/.gradle/caches/modules-2/files-2.1/com.badlogicgames.gdx/gdx-bullet/1.9.2/75f6b51bec18a82a893bb5ae4359fecd9cc7d6f4/gdx-bullet-1.9.2.jar:/Users/ferrancoma/.gradle/caches/modules-2/files-2.1/com.badlogicgames.gdx/gdx-freetype-platform/1.9.2/1e1afb0b6c9e8aeb7d495cb8f55c353d3da58cf0/gdx-freetype-platform-1.9.2-natives-desktop.jar:/Users/ferrancoma/.gradle/caches/modules-2/files-2.1/com.badlogicgames.gdx/gdx-freetype/1.9.2/3609253d14edb1b3ca5aacff4e06989edde75be4/gdx-freetype-1.9.2.jar:/Users/ferrancoma/.gradle/caches/modules-2/files-2.1/com.badlogicgames.gdx/gdx-platform/1.9.2/dde4cf7e9ce61c24042f512203aed87657496639/gdx-platform-1.9.2-natives-desktop.jar:/Users/ferrancoma/.gradle/caches/modules-2/files-2.1/com.badlogi
Launcher Type: SUN_STANDARD

Environment Variables:
PATH=/usr/bin:/bin:/usr/sbin:/sbin
SHELL=/bin/bash

Signal Handlers:
SIGSEGV: [libjvm.dylib+0x5a6d31], sa_mask[0]=11111111011111110111111111111111, sa_flags=SA_ONSTACK|SA_RESTART|SA_SIGINFO
SIGBUS: [libjvm.dylib+0x5a6d31], sa_mask[0]=11111111011111110111111111111111, sa_flags=SA_RESTART|SA_SIGINFO
SIGFPE: [libjvm.dylib+0x480a40], sa_mask[0]=11111111011111110111111111111111, sa_flags=SA_RESTART|SA_SIGINFO
SIGPIPE: [libjvm.dylib+0x480a40], sa_mask[0]=11111111011111110111111111111111, sa_flags=SA_RESTART|SA_SIGINFO
SIGXFSZ: [libjvm.dylib+0x480a40], sa_mask[0]=11111111011111110111111111111111, sa_flags=SA_RESTART|SA_SIGINFO
SIGILL: [libjvm.dylib+0x480a40], sa_mask[0]=11111111011111110111111111111111, sa_flags=SA_RESTART|SA_SIGINFO
SIGUSR1: SIG_DFL, sa_mask[0]=00000000000000000000000000000000, sa_flags=none
SIGUSR2: [libjvm.dylib+0x48055e], sa_mask[0]=00100000000000000000000000000000, sa_flags=SA_RESTART|SA_SIGINFO
SIGHUP: [libjvm.dylib+0x47eb35], sa_mask[0]=11111111011111110111111111111111, sa_flags=SA_RESTART|SA_SIGINFO
SIGINT: [libjvm.dylib+0x47eb35], sa_mask[0]=11111111011111110111111111111111, sa_flags=SA_RESTART|SA_SIGINFO
SIGTERM: [libjvm.dylib+0x47eb35], sa_mask[0]=11111111011111110111111111111111, sa_flags=SA_RESTART|SA_SIGINFO
SIGQUIT: [libjvm.dylib+0x47eb35], sa_mask[0]=11111111011111110111111111111111, sa_flags=SA_RESTART|SA_SIGINFO


---------------  S Y S T E M  ---------------

OS:Bsduname:Darwin 14.5.0 Darwin Kernel Version 14.5.0: Wed Jul 29 02:26:53 PDT 2015; root:xnu-2782.40.9~1/RELEASE_X86_64 x86_64
rlimit: STACK 8192k, CORE 0k, NPROC 709, NOFILE 10240, AS infinity
load average:1.84 1.41 1.36

CPU:total 4 (2 cores per cpu, 2 threads per core) family 6 model 69 stepping 1, cmov, cx8, fxsr, mmx, sse, sse2, sse3, ssse3, sse4.1, sse4.2, popcnt, avx, avx2, aes, clmul, erms, lzcnt, ht, tsc, tscinvbit, bmi1, bmi2

Memory: 4k page, physical 8388608k(1364168k free)

/proc/meminfo:


vm_info: Java HotSpot(TM) 64-Bit Server VM (25.65-b01) for bsd-amd64 JRE (1.8.0_65-b17), built on Oct  6 2015 15:36:46 by "java_re" with gcc 4.2.1 (Based on Apple Inc. build 5658) (LLVM build 2336.11.00)

time: Sat Feb 20 15:32:26 2016
elapsed time: 15 seconds (0d 0h 0m 15s)

