#
# A fatal error has been detected by the Java Runtime Environment:
#
#  SIGSEGV (0xb) at pc=0x00007fff94d860dd, pid=943, tid=1811
#
# JRE version: Java(TM) SE Runtime Environment (8.0_65-b17) (build 1.8.0_65-b17)
# Java VM: Java HotSpot(TM) 64-Bit Server VM (25.65-b01 mixed mode bsd-amd64 compressed oops)
# Problematic frame:
# C  [libobjc.A.dylib+0x10dd]  objc_msgSend+0x1d
#
# Failed to write core dump. Core dumps have been disabled. To enable core dumping, try "ulimit -c unlimited" before starting Java again
#
# If you would like to submit a bug report, please visit:
#   http://bugreport.java.com/bugreport/crash.jsp
# The crash happened outside the Java Virtual Machine in native code.
# See problematic frame for where to report the bug.
#

---------------  T H R E A D  ---------------

Current thread (0x00007f833a951000):  JavaThread "AppKit Thread" daemon [_thread_in_native, id=1811, stack(0x00007fff54bba000,0x00007fff553ba000)]

siginfo: si_signo: 11 (SIGSEGV), si_code: 1 (SEGV_MAPERR), si_addr: 0x000007f8339c9998

Registers:
RAX=0x00007f8339c99b00, RBX=0x00007fff553b4608, RCX=0x0000000000000000, RDX=0x00007f8339c984f0
RSP=0x00007fff553b4428, RBP=0x00007fff553b4430, RSI=0x00007fff9362b41e, RDI=0x00007f8339c99b00
R8 =0x00007fff553b4410, R9 =0x0000000000000055, R10=0x00007fff9362b41e, R11=0x000007f8339c9980
R12=0x00007f8339c19590, R13=0x00000000000f42eb, R14=0x00007f8339ea9220, R15=0x00007fff553b4568
RIP=0x00007fff94d860dd, EFLAGS=0x0000000000010202, ERR=0x0000000000000004
  TRAPNO=0x000000000000000e

Top of Stack: (sp=0x00007fff553b4428)
0x00007fff553b4428:   00007fff9969645c 00007fff553b4790
0x00007fff553b4438:   00007fff99586634 00007fff553b44bc
0x00007fff553b4448:   00007fff553b44c0 00007fff553b44c4
0x00007fff553b4458:   00007fff7c8dfe00 ffffffffffffffff
0x00007fff553b4468:   00000000000007f8 00007fff7c8dfe18
0x00007fff553b4478:   00007f8339ea9220 0000000000000000
0x00007fff553b4488:   00007fff553b4560 0000000000000000
0x00007fff553b4498:   00007f8339f4c490 00007fff553b45e0
0x00007fff553b44a8:   0000000000000055 00000000000f42ed
0x00007fff553b44b8:   00007f8339c984f0 00007f8339f6ccf0
0x00007fff553b44c8:   00007f8339c19590 0000000000000001
0x00007fff553b44d8:   00000000000f42eb 00007f8339c19580
0x00007fff553b44e8:   00007fff984e7c05 0000000139f38f50
0x00007fff553b44f8:   00007fff7c00b0d0 0000000042000000
0x00007fff553b4508:   00007fff984eee63 00007fff7c8aa240
0x00007fff553b4518:   00007fff553b45e8 00007fff553b4540
0x00007fff553b4528:   00007fff553b4560 0000000000000000
0x00007fff553b4538:   0000000000000001 0001bd0300000001
0x00007fff553b4548:   00007f8339c195b4 0000000000000000
0x00007fff553b4558:   0000000000000000 00007f8339f4c510
0x00007fff553b4568:   00007f8339ea9220 0000002000000000
0x00007fff553b4578:   0000000000000000 00007fff7c00b0d0
0x00007fff553b4588:   0000000042000000 00007fff984ee4f8
0x00007fff553b4598:   00007fff7c8aa350 00007fff553b44f8
0x00007fff553b45a8:   0000000000000000 00007fff553b4678
0x00007fff553b45b8:   00007fff7bcacea0 00007fff553b46b0
0x00007fff553b45c8:   00007fff966f6770 00007fff553b4660
0x00007fff553b45d8:   00007fff92d5f4ed 0000000000000051
0x00007fff553b45e8:   0000000000000000 00000000000f42e0
0x00007fff553b45f8:   0000000000000053 0000000000000000
0x00007fff553b4608:   00000000000f42eb 00007fff553b4684
0x00007fff553b4618:   00000000003c3d01 00000000ffffffff 

Instructions: (pc=0x00007fff94d860dd)
0x00007fff94d860bd:   00 00 00 48 85 ff 2e 74 7a 40 f6 c7 01 2e 75 7e
0x00007fff94d860cd:   49 bb f8 ff ff ff ff 7f 00 00 4c 23 1f 49 89 f2
0x00007fff94d860dd:   45 23 53 18 49 c1 e2 04 4d 03 53 10 49 3b 32 75
0x00007fff94d860ed:   04 41 ff 62 08 49 83 3a 00 74 6a 4d 3b 53 10 74 

Register to memory mapping:

RAX=0x00007f8339c99b00 is an unknown value
RBX=0x00007fff553b4608 is pointing into the stack for thread: 0x00007f833a951000
RCX=0x0000000000000000 is an unknown value
RDX=0x00007f8339c984f0 is an unknown value
RSP=0x00007fff553b4428 is pointing into the stack for thread: 0x00007f833a951000
RBP=0x00007fff553b4430 is pointing into the stack for thread: 0x00007f833a951000
RSI=0x00007fff9362b41e: -[NSTitlebarContainerView transparent]+0x5e312 in /System/Library/Frameworks/AppKit.framework/Versions/C/AppKit at 0x00007fff92c2a000
RDI=0x00007f8339c99b00 is an unknown value
R8 =0x00007fff553b4410 is pointing into the stack for thread: 0x00007f833a951000
R9 =0x0000000000000055 is an unknown value
R10=0x00007fff9362b41e: -[NSTitlebarContainerView transparent]+0x5e312 in /System/Library/Frameworks/AppKit.framework/Versions/C/AppKit at 0x00007fff92c2a000
R11=0x000007f8339c9980 is an unknown value
R12=0x00007f8339c19590 is an unknown value
R13=0x00000000000f42eb is an unknown value
R14=0x00007f8339ea9220 is an unknown value
R15=0x00007fff553b4568 is pointing into the stack for thread: 0x00007f833a951000


Stack: [0x00007fff54bba000,0x00007fff553ba000],  sp=0x00007fff553b4428,  free space=8169k
Native frames: (J=compiled Java code, j=interpreted, Vv=VM code, C=native code)
C  [libobjc.A.dylib+0x10dd]  objc_msgSend+0x1d
C  [CoreFoundation+0x10634]  _CFXNotificationPost+0xc44
C  [Foundation+0x7aa1]  -[NSNotificationCenter postNotificationName:object:userInfo:]+0x42
C  [AppKit+0x439c2]  -[NSSurface _disposeSurface]+0x98
C  [AppKit+0x43426]  -[NSSurface setWindow:]+0x42
C  [AppKit+0x33910]  -[NSView _setWindow:]+0xa33
C  [AppKit+0x6af91]  -[NSView removeFromSuperview]+0x1c5
C  [AppKit+0x14bd99]  -[NSView removeFromSuperviewWithoutNeedingDisplay]+0x26
C  [liblwjgl.dylib+0xa205]  +[MacOSXKeyableWindow destroyWindow]+0xb5
C  [Foundation+0x92dd0]  __NSThreadPerformPerform+0x125
C  [CoreFoundation+0x80a01]  __CFRUNLOOP_IS_CALLING_OUT_TO_A_SOURCE0_PERFORM_FUNCTION__+0x11
C  [CoreFoundation+0x72b8d]  __CFRunLoopDoSources0+0x10d
C  [CoreFoundation+0x721bf]  __CFRunLoopRun+0x39f
C  [CoreFoundation+0x71bd8]  CFRunLoopRunSpecific+0x128
C  [HIToolbox+0x3256f]  RunCurrentEventLoopInMode+0xeb
C  [HIToolbox+0x322ea]  ReceiveNextEventCommon+0x1af
C  [HIToolbox+0x3212b]  _BlockUntilNextEventMatchingListInModeWithFilter+0x47
C  [AppKit+0x918ab]  _DPSNextEvent+0x3d2
C  [AppKit+0x90e58]  -[NSApplication nextEventMatchingMask:untilDate:inMode:dequeue:]+0x15a
C  [libosxapp.dylib+0x23aa]  -[NSApplicationAWT nextEventMatchingMask:untilDate:inMode:dequeue:]+0x7c
C  [AppKit+0x86af3]  -[NSApplication run]+0x252
C  [libosxapp.dylib+0x214d]  +[NSApplicationAWT runAWTLoopWithApp:]+0x9c
C  [libawt_lwawt.dylib+0x44517]  -[AWTStarter starter:]+0x389
C  [Foundation+0x92dd0]  __NSThreadPerformPerform+0x125
C  [CoreFoundation+0x80a01]  __CFRUNLOOP_IS_CALLING_OUT_TO_A_SOURCE0_PERFORM_FUNCTION__+0x11
C  [CoreFoundation+0x72b8d]  __CFRunLoopDoSources0+0x10d
C  [CoreFoundation+0x721bf]  __CFRunLoopRun+0x39f
C  [CoreFoundation+0x71bd8]  CFRunLoopRunSpecific+0x128
C  [java+0x6463]  CreateExecutionEnvironment+0x367
C  [java+0x21ac]  JLI_Launch+0x7a0
C  [java+0x84c0]  main+0x65
C  [java+0x1a04]  start+0x34
C  0x0000000000000005


---------------  P R O C E S S  ---------------

Java Threads: ( => current thread )
  0x00007f833b18c800 JavaThread "DestroyJavaVM" [_thread_blocked, id=4867, stack(0x000000010c18a000,0x000000010c28a000)]
  0x00007f833b18c000 JavaThread "LWJGL Application" [_thread_in_native, id=62979, stack(0x0000000128e42000,0x0000000128f42000)]
  0x00007f833b955000 JavaThread "AWT-Shutdown" [_thread_blocked, id=28691, stack(0x0000000125bee000,0x0000000125cee000)]
=>0x00007f833a951000 JavaThread "AppKit Thread" daemon [_thread_in_native, id=1811, stack(0x00007fff54bba000,0x00007fff553ba000)]
  0x00007f833a806800 JavaThread "Service Thread" daemon [_thread_blocked, id=18179, stack(0x0000000123fe1000,0x00000001240e1000)]
  0x00007f833b86b000 JavaThread "C1 CompilerThread2" daemon [_thread_blocked, id=17667, stack(0x0000000123ede000,0x0000000123fde000)]
  0x00007f833b86a000 JavaThread "C2 CompilerThread1" daemon [_thread_blocked, id=17155, stack(0x0000000123ddb000,0x0000000123edb000)]
  0x00007f833a00a800 JavaThread "C2 CompilerThread0" daemon [_thread_blocked, id=16643, stack(0x0000000123cd8000,0x0000000123dd8000)]
  0x00007f833b033800 JavaThread "Signal Dispatcher" daemon [_thread_blocked, id=13331, stack(0x0000000123bd5000,0x0000000123cd5000)]
  0x00007f833b85c000 JavaThread "Finalizer" daemon [_thread_blocked, id=11523, stack(0x00000001221b9000,0x00000001222b9000)]
  0x00007f833b85b800 JavaThread "Reference Handler" daemon [_thread_blocked, id=11011, stack(0x00000001220b6000,0x00000001221b6000)]

Other Threads:
  0x00007f833b858800 VMThread [stack: 0x0000000121fb3000,0x00000001220b3000] [id=10499]
  0x00007f833b00d800 WatcherThread [stack: 0x00000001240e4000,0x00000001241e4000] [id=18691]

VM state:not at safepoint (normal execution)

VM Mutex/Monitor currently owned by a thread: None

Heap:
 PSYoungGen      total 38400K, used 22440K [0x0000000795580000, 0x0000000798000000, 0x00000007c0000000)
  eden space 33280K, 67% used [0x0000000795580000,0x0000000796b6a0d8,0x0000000797600000)
  from space 5120K, 0% used [0x0000000797b00000,0x0000000797b00000,0x0000000798000000)
  to   space 5120K, 0% used [0x0000000797600000,0x0000000797600000,0x0000000797b00000)
 ParOldGen       total 87552K, used 0K [0x0000000740000000, 0x0000000745580000, 0x0000000795580000)
  object space 87552K, 0% used [0x0000000740000000,0x0000000740000000,0x0000000745580000)
 Metaspace       used 9158K, capacity 9315K, committed 9472K, reserved 1058816K
  class space    used 919K, capacity 984K, committed 1024K, reserved 1048576K

Card table byte_map: [0x000000011b64c000,0x000000011ba4d000] byte_map_base: 0x0000000117c4c000

Marking Bits: (ParMarkBitMap*) 0x000000010badee20
 Begin Bits: [0x000000011c104000, 0x000000011e104000)
 End Bits:   [0x000000011e104000, 0x0000000120104000)

Polling page: 0x000000010a99f000

CodeCache: size=245760Kb used=3154Kb max_used=3166Kb free=242605Kb
 bounds [0x000000010c28c000, 0x000000010c5ac000, 0x000000011b28c000]
 total_blobs=1278 nmethods=824 adapters=368
 compilation: enabled

Compilation events (10 events):
Event: 2.924 Thread 0x00007f833b86b000  818       3       java.util.ArrayList::clear (39 bytes)
Event: 2.924 Thread 0x00007f833b86b000 nmethod 818 0x000000010c59fd50 code [0x000000010c59fee0, 0x000000010c5a0250]
Event: 2.939 Thread 0x00007f833b86b000  819       3       org.lwjgl.opengl.GL11::glViewport (27 bytes)
Event: 2.941 Thread 0x00007f833b86b000 nmethod 819 0x000000010c59ee90 code [0x000000010c59f080, 0x000000010c59f7f8]
Event: 2.973 Thread 0x00007f833b86b000  821       3       com.badlogic.gdx.graphics.g2d.SpriteBatch::setProjectionMatrix (32 bytes)
Event: 2.974 Thread 0x00007f833b86b000 nmethod 821 0x000000010c5a2410 code [0x000000010c5a25c0, 0x000000010c5a29c8]
Event: 2.991 Thread 0x00007f833b86b000  822       3       java.nio.Buffer::checkBounds (25 bytes)
Event: 2.991 Thread 0x00007f833b86b000 nmethod 822 0x000000010c5a1f50 code [0x000000010c5a20c0, 0x000000010c5a2308]
Event: 3.015 Thread 0x00007f833b86a000  824       4       java.nio.DirectByteBuffer::put (18 bytes)
Event: 3.016 Thread 0x00007f833b86a000 nmethod 824 0x000000010c5a1910 code [0x000000010c5a1a60, 0x000000010c5a1b18]

GC Heap History (0 events):
No events

Deoptimization events (5 events):
Event: 0.156 Thread 0x00007f833a804000 Uncommon trap: reason=unstable_if action=reinterpret pc=0x000000010c3c02fc method=java.lang.String.indexOf(II)I @ 49
Event: 0.723 Thread 0x00007f833b18c000 Uncommon trap: reason=unstable_if action=reinterpret pc=0x000000010c44475c method=java.lang.String.replace(CC)Ljava/lang/String; @ 26
Event: 1.806 Thread 0x00007f833b18c000 Uncommon trap: reason=unstable_if action=reinterpret pc=0x000000010c526668 method=java.util.StringTokenizer.scanToken(I)I @ 7
Event: 1.806 Thread 0x00007f833b18c000 Uncommon trap: reason=unstable_if action=reinterpret pc=0x000000010c50c1d8 method=java.util.StringTokenizer.skipDelimiters(I)I @ 29
Event: 1.806 Thread 0x00007f833b18c000 Uncommon trap: reason=unstable_if action=reinterpret pc=0x000000010c50ee2c method=java.util.StringTokenizer.scanToken(I)I @ 7

Internal exceptions (10 events):
Event: 0.227 Thread 0x00007f833a804000 Exception <a 'java/lang/NoSuchFieldError': method resolution failed> (0x0000000795ae6da0) thrown at [/Users/java_re/workspace/8-2-build-macosx-x86_64/jdk8u65/4987/hotspot/src/share/vm/prims/methodHandles.cpp, line 1146]
Event: 0.409 Thread 0x00007f833a804000 Exception <a 'java/io/FileNotFoundException'> (0x0000000795b62450) thrown at [/Users/java_re/workspace/8-2-build-macosx-x86_64/jdk8u65/4987/hotspot/src/share/vm/prims/jni.cpp, line 709]
Event: 0.410 Thread 0x00007f833a804000 Exception <a 'java/io/FileNotFoundException'> (0x0000000795b62fb8) thrown at [/Users/java_re/workspace/8-2-build-macosx-x86_64/jdk8u65/4987/hotspot/src/share/vm/prims/jni.cpp, line 709]
Event: 0.423 Thread 0x00007f833a804000 Exception <a 'java/security/PrivilegedActionException'> (0x0000000795b8cc68) thrown at [/Users/java_re/workspace/8-2-build-macosx-x86_64/jdk8u65/4987/hotspot/src/share/vm/prims/jvm.cpp, line 1386]
Event: 0.423 Thread 0x00007f833a804000 Exception <a 'java/security/PrivilegedActionException'> (0x0000000795b8e850) thrown at [/Users/java_re/workspace/8-2-build-macosx-x86_64/jdk8u65/4987/hotspot/src/share/vm/prims/jvm.cpp, line 1386]
Event: 0.423 Thread 0x00007f833a804000 Exception <a 'java/security/PrivilegedActionException'> (0x0000000795b8f970) thrown at [/Users/java_re/workspace/8-2-build-macosx-x86_64/jdk8u65/4987/hotspot/src/share/vm/prims/jvm.cpp, line 1386]
Event: 0.424 Thread 0x00007f833a804000 Exception <a 'java/security/PrivilegedActionException'> (0x0000000795b94a90) thrown at [/Users/java_re/workspace/8-2-build-macosx-x86_64/jdk8u65/4987/hotspot/src/share/vm/prims/jvm.cpp, line 1386]
Event: 0.424 Thread 0x00007f833a804000 Exception <a 'java/security/PrivilegedActionException'> (0x0000000795b956e8) thrown at [/Users/java_re/workspace/8-2-build-macosx-x86_64/jdk8u65/4987/hotspot/src/share/vm/prims/jvm.cpp, line 1386]
Event: 0.424 Thread 0x00007f833a804000 Exception <a 'java/security/PrivilegedActionException'> (0x0000000795b96310) thrown at [/Users/java_re/workspace/8-2-build-macosx-x86_64/jdk8u65/4987/hotspot/src/share/vm/prims/jvm.cpp, line 1386]
Event: 0.675 Thread 0x00007f833b18c000 Exception <a 'java/net/BindException'> (0x00000007961484a8) thrown at [/Users/java_re/workspace/8-2-build-macosx-x86_64/jdk8u65/4987/hotspot/src/share/vm/prims/jni.cpp, line 709]

Events (10 events):
Event: 1.814 loading class com/badlogic/gdx/math/Shape2D
Event: 1.814 loading class com/badlogic/gdx/math/Shape2D done
Event: 1.816 loading class com/badlogic/gdx/graphics/PerspectiveCamera
Event: 1.816 loading class com/badlogic/gdx/graphics/PerspectiveCamera done
Event: 1.864 loading class com/badlogic/gdx/maps/tiled/tiles/AnimatedTiledMapTile
Event: 1.864 loading class com/badlogic/gdx/maps/tiled/tiles/AnimatedTiledMapTile done
Event: 3.006 loading class com/badlogic/gdx/backends/lwjgl/LwjglApplication$2
Event: 3.006 loading class com/badlogic/gdx/backends/lwjgl/LwjglApplication$2 done
Event: 3.014 loading class org/lwjgl/opengl/CallbackUtil
Event: 3.014 loading class org/lwjgl/opengl/CallbackUtil done


Dynamic libraries:
0x000000000a784000 	/System/Library/Frameworks/Cocoa.framework/Versions/A/Cocoa
0x000000000a784000 	/System/Library/Frameworks/Security.framework/Versions/A/Security
0x000000000a784000 	/System/Library/Frameworks/ApplicationServices.framework/Versions/A/ApplicationServices
0x000000000a784000 	/usr/lib/libz.1.dylib
0x000000000a784000 	/usr/lib/libSystem.B.dylib
0x000000000a784000 	/usr/lib/libobjc.A.dylib
0x000000000a784000 	/System/Library/Frameworks/CoreFoundation.framework/Versions/A/CoreFoundation
0x000000000a784000 	/System/Library/Frameworks/Foundation.framework/Versions/C/Foundation
0x000000000a784000 	/System/Library/Frameworks/AppKit.framework/Versions/C/AppKit
0x000000000a784000 	/System/Library/Frameworks/CoreData.framework/Versions/A/CoreData
0x000000000a784000 	/System/Library/PrivateFrameworks/RemoteViewServices.framework/Versions/A/RemoteViewServices
0x000000000a784000 	/System/Library/PrivateFrameworks/UIFoundation.framework/Versions/A/UIFoundation
0x000000000a784000 	/System/Library/Frameworks/IOSurface.framework/Versions/A/IOSurface
0x000000000a784000 	/System/Library/Frameworks/AudioToolbox.framework/Versions/A/AudioToolbox
0x000000000a784000 	/System/Library/Frameworks/AudioUnit.framework/Versions/A/AudioUnit
0x000000000a784000 	/System/Library/PrivateFrameworks/DataDetectorsCore.framework/Versions/A/DataDetectorsCore
0x000000000a784000 	/System/Library/PrivateFrameworks/DesktopServicesPriv.framework/Versions/A/DesktopServicesPriv
0x000000000a784000 	/System/Library/Frameworks/Carbon.framework/Versions/A/Frameworks/HIToolbox.framework/Versions/A/HIToolbox
0x000000000a784000 	/System/Library/Frameworks/QuartzCore.framework/Versions/A/QuartzCore
0x000000000a784000 	/System/Library/Frameworks/Carbon.framework/Versions/A/Frameworks/SpeechRecognition.framework/Versions/A/SpeechRecognition
0x000000000a784000 	/usr/lib/libauto.dylib
0x000000000a784000 	/usr/lib/libicucore.A.dylib
0x000000000a784000 	/usr/lib/libxml2.2.dylib
0x000000000a784000 	/System/Library/PrivateFrameworks/CoreUI.framework/Versions/A/CoreUI
0x000000000a784000 	/System/Library/Frameworks/CoreAudio.framework/Versions/A/CoreAudio
0x000000000a784000 	/System/Library/Frameworks/DiskArbitration.framework/Versions/A/DiskArbitration
0x000000000a784000 	/usr/lib/liblangid.dylib
0x000000000a784000 	/System/Library/PrivateFrameworks/MultitouchSupport.framework/Versions/A/MultitouchSupport
0x000000000a784000 	/System/Library/Frameworks/IOKit.framework/Versions/A/IOKit
0x000000000a784000 	/usr/lib/libDiagnosticMessagesClient.dylib
0x000000000a784000 	/System/Library/Frameworks/CoreServices.framework/Versions/A/CoreServices
0x000000000a784000 	/System/Library/PrivateFrameworks/PerformanceAnalysis.framework/Versions/A/PerformanceAnalysis
0x000000000a784000 	/System/Library/PrivateFrameworks/GenerationalStorage.framework/Versions/A/GenerationalStorage
0x000000000a784000 	/System/Library/Frameworks/OpenGL.framework/Versions/A/OpenGL
0x000000000a784000 	/System/Library/PrivateFrameworks/Sharing.framework/Versions/A/Sharing
0x000000000a784000 	/System/Library/Frameworks/CoreGraphics.framework/Versions/A/CoreGraphics
0x000000000a784000 	/System/Library/Frameworks/CoreText.framework/Versions/A/CoreText
0x000000000a784000 	/System/Library/Frameworks/ImageIO.framework/Versions/A/ImageIO
0x000000000a784000 	/usr/lib/libextension.dylib
0x000000000a784000 	/System/Library/PrivateFrameworks/Backup.framework/Versions/A/Backup
0x000000000a784000 	/usr/lib/libarchive.2.dylib
0x000000000a784000 	/System/Library/Frameworks/CFNetwork.framework/Versions/A/CFNetwork
0x000000000a784000 	/System/Library/Frameworks/SystemConfiguration.framework/Versions/A/SystemConfiguration
0x000000000a784000 	/usr/lib/libCRFSuite.dylib
0x000000000a784000 	/usr/lib/libc++.1.dylib
0x000000000a784000 	/usr/lib/libc++abi.dylib
0x000000000a784000 	/usr/lib/system/libcache.dylib
0x000000000a784000 	/usr/lib/system/libcommonCrypto.dylib
0x000000000a784000 	/usr/lib/system/libcompiler_rt.dylib
0x000000000a784000 	/usr/lib/system/libcopyfile.dylib
0x000000000a784000 	/usr/lib/system/libcorecrypto.dylib
0x000000000a784000 	/usr/lib/system/libdispatch.dylib
0x000000000a784000 	/usr/lib/system/libdyld.dylib
0x000000000a784000 	/usr/lib/system/libkeymgr.dylib
0x000000000a784000 	/usr/lib/system/liblaunch.dylib
0x000000000a784000 	/usr/lib/system/libmacho.dylib
0x000000000a784000 	/usr/lib/system/libquarantine.dylib
0x000000000a784000 	/usr/lib/system/libremovefile.dylib
0x000000000a784000 	/usr/lib/system/libsystem_asl.dylib
0x000000000a784000 	/usr/lib/system/libsystem_blocks.dylib
0x000000000a784000 	/usr/lib/system/libsystem_c.dylib
0x000000000a784000 	/usr/lib/system/libsystem_configuration.dylib
0x000000000a784000 	/usr/lib/system/libsystem_coreservices.dylib
0x000000000a784000 	/usr/lib/system/libsystem_coretls.dylib
0x000000000a784000 	/usr/lib/system/libsystem_dnssd.dylib
0x000000000a784000 	/usr/lib/system/libsystem_info.dylib
0x000000000a784000 	/usr/lib/system/libsystem_kernel.dylib
0x000000000a784000 	/usr/lib/system/libsystem_m.dylib
0x000000000a784000 	/usr/lib/system/libsystem_malloc.dylib
0x000000000a784000 	/usr/lib/system/libsystem_network.dylib
0x000000000a784000 	/usr/lib/system/libsystem_networkextension.dylib
0x000000000a784000 	/usr/lib/system/libsystem_notify.dylib
0x000000000a784000 	/usr/lib/system/libsystem_platform.dylib
0x000000000a784000 	/usr/lib/system/libsystem_pthread.dylib
0x000000000a784000 	/usr/lib/system/libsystem_sandbox.dylib
0x000000000a784000 	/usr/lib/system/libsystem_secinit.dylib
0x000000000a784000 	/usr/lib/system/libsystem_stats.dylib
0x000000000a784000 	/usr/lib/system/libsystem_trace.dylib
0x000000000a784000 	/usr/lib/system/libunc.dylib
0x000000000a784000 	/usr/lib/system/libunwind.dylib
0x000000000a784000 	/usr/lib/system/libxpc.dylib
0x000000000a784000 	/usr/lib/libbz2.1.0.dylib
0x000000000a784000 	/usr/lib/liblzma.5.dylib
0x000000000a784000 	/usr/lib/libbsm.0.dylib
0x000000000a784000 	/usr/lib/libsqlite3.dylib
0x000000000a784000 	/usr/lib/system/libkxld.dylib
0x000000000a784000 	/usr/lib/libxar.1.dylib
0x000000000a784000 	/usr/lib/libpam.2.dylib
0x000000000a784000 	/usr/lib/libOpenScriptingUtil.dylib
0x000000000a784000 	/System/Library/Frameworks/CoreServices.framework/Versions/A/Frameworks/FSEvents.framework/Versions/A/FSEvents
0x000000000a784000 	/System/Library/Frameworks/CoreServices.framework/Versions/A/Frameworks/CarbonCore.framework/Versions/A/CarbonCore
0x000000000a784000 	/System/Library/Frameworks/CoreServices.framework/Versions/A/Frameworks/Metadata.framework/Versions/A/Metadata
0x000000000a784000 	/System/Library/Frameworks/CoreServices.framework/Versions/A/Frameworks/OSServices.framework/Versions/A/OSServices
0x000000000a784000 	/System/Library/Frameworks/CoreServices.framework/Versions/A/Frameworks/SearchKit.framework/Versions/A/SearchKit
0x000000000a784000 	/System/Library/Frameworks/CoreServices.framework/Versions/A/Frameworks/AE.framework/Versions/A/AE
0x000000000a784000 	/System/Library/Frameworks/CoreServices.framework/Versions/A/Frameworks/LaunchServices.framework/Versions/A/LaunchServices
0x000000000a784000 	/System/Library/Frameworks/CoreServices.framework/Versions/A/Frameworks/DictionaryServices.framework/Versions/A/DictionaryServices
0x000000000a784000 	/System/Library/Frameworks/NetFS.framework/Versions/A/NetFS
0x000000000a784000 	/System/Library/PrivateFrameworks/NetAuth.framework/Versions/A/NetAuth
0x000000000a784000 	/System/Library/PrivateFrameworks/login.framework/Versions/A/Frameworks/loginsupport.framework/Versions/A/loginsupport
0x000000000a784000 	/System/Library/PrivateFrameworks/TCC.framework/Versions/A/TCC
0x000000000a784000 	/usr/lib/libmecabra.dylib
0x000000000a784000 	/System/Library/Frameworks/ApplicationServices.framework/Versions/A/Frameworks/ATS.framework/Versions/A/ATS
0x000000000a784000 	/System/Library/Frameworks/ApplicationServices.framework/Versions/A/Frameworks/ColorSync.framework/Versions/A/ColorSync
0x000000000a784000 	/System/Library/Frameworks/ApplicationServices.framework/Versions/A/Frameworks/HIServices.framework/Versions/A/HIServices
0x000000000a784000 	/System/Library/Frameworks/ApplicationServices.framework/Versions/A/Frameworks/LangAnalysis.framework/Versions/A/LangAnalysis
0x000000000a784000 	/System/Library/Frameworks/ApplicationServices.framework/Versions/A/Frameworks/PrintCore.framework/Versions/A/PrintCore
0x000000000a784000 	/System/Library/Frameworks/ApplicationServices.framework/Versions/A/Frameworks/QD.framework/Versions/A/QD
0x000000000a784000 	/System/Library/Frameworks/ApplicationServices.framework/Versions/A/Frameworks/SpeechSynthesis.framework/Versions/A/SpeechSynthesis
0x000000000a784000 	/System/Library/Frameworks/Accelerate.framework/Versions/A/Accelerate
0x000000000a784000 	/System/Library/Frameworks/Accelerate.framework/Versions/A/Frameworks/vImage.framework/Versions/A/vImage
0x000000000a784000 	/System/Library/Frameworks/Accelerate.framework/Versions/A/Frameworks/vecLib.framework/Versions/A/vecLib
0x000000000a784000 	/System/Library/Frameworks/Accelerate.framework/Versions/A/Frameworks/vecLib.framework/Versions/A/libvDSP.dylib
0x000000000a784000 	/System/Library/Frameworks/Accelerate.framework/Versions/A/Frameworks/vecLib.framework/Versions/A/libvMisc.dylib
0x000000000a784000 	/System/Library/Frameworks/Accelerate.framework/Versions/A/Frameworks/vecLib.framework/Versions/A/libLAPACK.dylib
0x000000000a784000 	/System/Library/Frameworks/Accelerate.framework/Versions/A/Frameworks/vecLib.framework/Versions/A/libBLAS.dylib
0x000000000a784000 	/System/Library/Frameworks/Accelerate.framework/Versions/A/Frameworks/vecLib.framework/Versions/A/libLinearAlgebra.dylib
0x000000000a784000 	/System/Library/Frameworks/ApplicationServices.framework/Versions/A/Frameworks/ATS.framework/Versions/A/Resources/libFontParser.dylib
0x000000000a784000 	/System/Library/Frameworks/ApplicationServices.framework/Versions/A/Frameworks/ATS.framework/Versions/A/Resources/libFontRegistry.dylib
0x000000000a784000 	/System/Library/PrivateFrameworks/AppleVPA.framework/Versions/A/AppleVPA
0x000000000a784000 	/System/Library/PrivateFrameworks/AppleJPEG.framework/Versions/A/AppleJPEG
0x000000000a784000 	/System/Library/Frameworks/ImageIO.framework/Versions/A/Resources/libJPEG.dylib
0x000000000a784000 	/System/Library/Frameworks/ImageIO.framework/Versions/A/Resources/libTIFF.dylib
0x000000000a784000 	/System/Library/Frameworks/ImageIO.framework/Versions/A/Resources/libPng.dylib
0x000000000a784000 	/System/Library/Frameworks/ImageIO.framework/Versions/A/Resources/libGIF.dylib
0x000000000a784000 	/System/Library/Frameworks/ImageIO.framework/Versions/A/Resources/libJP2.dylib
0x000000000a784000 	/System/Library/Frameworks/ImageIO.framework/Versions/A/Resources/libRadiance.dylib
0x000000000a784000 	/System/Library/Frameworks/CoreVideo.framework/Versions/A/CoreVideo
0x000000000a784000 	/System/Library/Frameworks/OpenGL.framework/Versions/A/Libraries/libGLU.dylib
0x000000000a784000 	/System/Library/Frameworks/OpenGL.framework/Versions/A/Libraries/libGFXShared.dylib
0x000000000a784000 	/System/Library/Frameworks/OpenGL.framework/Versions/A/Libraries/libGL.dylib
0x000000000a784000 	/System/Library/Frameworks/OpenGL.framework/Versions/A/Libraries/libGLImage.dylib
0x000000000a784000 	/System/Library/Frameworks/OpenGL.framework/Versions/A/Libraries/libCVMSPluginSupport.dylib
0x000000000a784000 	/System/Library/Frameworks/OpenGL.framework/Versions/A/Libraries/libCoreVMClient.dylib
0x000000000a784000 	/usr/lib/libcups.2.dylib
0x000000000a784000 	/System/Library/Frameworks/Kerberos.framework/Versions/A/Kerberos
0x000000000a784000 	/System/Library/Frameworks/GSS.framework/Versions/A/GSS
0x000000000a784000 	/usr/lib/libresolv.9.dylib
0x000000000a784000 	/usr/lib/libiconv.2.dylib
0x000000000a784000 	/System/Library/PrivateFrameworks/Heimdal.framework/Versions/A/Heimdal
0x000000000a784000 	/usr/lib/libheimdal-asn1.dylib
0x000000000a784000 	/System/Library/Frameworks/OpenDirectory.framework/Versions/A/OpenDirectory
0x000000000a784000 	/System/Library/PrivateFrameworks/CommonAuth.framework/Versions/A/CommonAuth
0x000000000a784000 	/System/Library/Frameworks/OpenDirectory.framework/Versions/A/Frameworks/CFOpenDirectory.framework/Versions/A/CFOpenDirectory
0x000000000a784000 	/System/Library/Frameworks/SecurityFoundation.framework/Versions/A/SecurityFoundation
0x000000000a784000 	/System/Library/PrivateFrameworks/LanguageModeling.framework/Versions/A/LanguageModeling
0x000000000a784000 	/usr/lib/libcmph.dylib
0x000000000a784000 	/System/Library/Frameworks/ServiceManagement.framework/Versions/A/ServiceManagement
0x000000000a784000 	/usr/lib/libxslt.1.dylib
0x000000000a784000 	/System/Library/Frameworks/Carbon.framework/Versions/A/Frameworks/Ink.framework/Versions/A/Ink
0x000000000a784000 	/System/Library/Frameworks/QuartzCore.framework/Versions/A/Frameworks/CoreImage.framework/Versions/A/CoreImage
0x000000000a784000 	/System/Library/PrivateFrameworks/CrashReporterSupport.framework/Versions/A/CrashReporterSupport
0x000000000a784000 	/System/Library/Frameworks/OpenCL.framework/Versions/A/OpenCL
0x000000000a784000 	/System/Library/PrivateFrameworks/FaceCore.framework/Versions/A/FaceCore
0x000000000a784000 	/System/Library/PrivateFrameworks/Ubiquity.framework/Versions/A/Ubiquity
0x000000000a784000 	/System/Library/PrivateFrameworks/IconServices.framework/Versions/A/IconServices
0x000000000a784000 	/System/Library/PrivateFrameworks/ChunkingLibrary.framework/Versions/A/ChunkingLibrary
0x000000000a784000 	/System/Library/PrivateFrameworks/Apple80211.framework/Versions/A/Apple80211
0x000000000a784000 	/System/Library/Frameworks/CoreWLAN.framework/Versions/A/CoreWLAN
0x000000000a784000 	/System/Library/Frameworks/IOBluetooth.framework/Versions/A/IOBluetooth
0x000000000a784000 	/System/Library/PrivateFrameworks/CoreWiFi.framework/Versions/A/CoreWiFi
0x000000000a784000 	/System/Library/Frameworks/CoreBluetooth.framework/Versions/A/CoreBluetooth
0x000000000a784000 	/System/Library/PrivateFrameworks/DebugSymbols.framework/Versions/A/DebugSymbols
0x000000000a784000 	/System/Library/PrivateFrameworks/CoreSymbolication.framework/Versions/A/CoreSymbolication
0x000000000a784000 	/System/Library/PrivateFrameworks/Symbolication.framework/Versions/A/Symbolication
0x000000000a784000 	/System/Library/PrivateFrameworks/SpeechRecognitionCore.framework/Versions/A/SpeechRecognitionCore
0x000000010b200000 	/Library/Java/JavaVirtualMachines/jdk1.8.0_65.jdk/Contents/Home/jre/lib/server/libjvm.dylib
0x000000000a784000 	/usr/lib/libstdc++.6.dylib
0x000000010a95c000 	/Library/Java/JavaVirtualMachines/jdk1.8.0_65.jdk/Contents/Home/jre/lib/libverify.dylib
0x000000010a96a000 	/Library/Java/JavaVirtualMachines/jdk1.8.0_65.jdk/Contents/Home/jre/lib/libjava.dylib
0x000000010a9a9000 	/Library/Java/JavaVirtualMachines/jdk1.8.0_65.jdk/Contents/Home/jre/lib/libzip.dylib
0x00000001222bb000 	/System/Library/Frameworks/JavaVM.framework/Frameworks/JavaRuntimeSupport.framework/JavaRuntimeSupport
0x00000001222d1000 	/System/Library/Frameworks/JavaVM.framework/Versions/A/Frameworks/JavaNativeFoundation.framework/Versions/A/JavaNativeFoundation
0x00000001222e5000 	/System/Library/Frameworks/JavaVM.framework/Versions/A/JavaVM
0x000000000a784000 	/System/Library/Frameworks/Carbon.framework/Versions/A/Carbon
0x00000001222f1000 	/System/Library/PrivateFrameworks/JavaLaunching.framework/Versions/A/JavaLaunching
0x000000000a784000 	/System/Library/Frameworks/Carbon.framework/Versions/A/Frameworks/CommonPanels.framework/Versions/A/CommonPanels
0x000000000a784000 	/System/Library/Frameworks/Carbon.framework/Versions/A/Frameworks/Help.framework/Versions/A/Help
0x000000000a784000 	/System/Library/Frameworks/Carbon.framework/Versions/A/Frameworks/ImageCapture.framework/Versions/A/ImageCapture
0x000000000a784000 	/System/Library/Frameworks/Carbon.framework/Versions/A/Frameworks/OpenScripting.framework/Versions/A/OpenScripting
0x000000000a784000 	/System/Library/Frameworks/Carbon.framework/Versions/A/Frameworks/Print.framework/Versions/A/Print
0x000000000a784000 	/System/Library/Frameworks/Carbon.framework/Versions/A/Frameworks/SecurityHI.framework/Versions/A/SecurityHI
0x0000000124272000 	/private/var/folders/17/jxg8w8gx0qn4rlskndss0mtm0000gn/T/libgdxferrancoma/ad4da71/libgdx64.dylib
0x00000001242c5000 	/Library/Java/JavaVirtualMachines/jdk1.8.0_65.jdk/Contents/Home/jre/lib/libawt.dylib
0x000000012436d000 	/Library/Java/JavaVirtualMachines/jdk1.8.0_65.jdk/Contents/Home/jre/lib/./libmlib_image.dylib
0x0000000124439000 	/Library/Java/JavaVirtualMachines/jdk1.8.0_65.jdk/Contents/Home/jre/lib/libawt_lwawt.dylib
0x00000001244ee000 	/Library/Java/JavaVirtualMachines/jdk1.8.0_65.jdk/Contents/Home/jre/lib/./libosxapp.dylib
0x000000000a784000 	/System/Library/Frameworks/ExceptionHandling.framework/Versions/A/ExceptionHandling
0x000000000a784000 	/System/Library/PrivateFrameworks/CoreServicesInternal.framework/Versions/A/CoreServicesInternal
0x000000000a784000 	/System/Library/PrivateFrameworks/CloudDocs.framework/Versions/A/CloudDocs
0x000000000a784000 	/System/Library/PrivateFrameworks/CoreDuet.framework/Versions/A/CoreDuet
0x000000000a784000 	/System/Library/Frameworks/CloudKit.framework/Versions/A/CloudKit
0x000000000a784000 	/System/Library/PrivateFrameworks/ProtocolBuffer.framework/Versions/A/ProtocolBuffer
0x000000000a784000 	/System/Library/PrivateFrameworks/CoreDuetDaemonProtocol.framework/Versions/A/CoreDuetDaemonProtocol
0x000000000a784000 	/System/Library/PrivateFrameworks/CoreDuetDebugLogging.framework/Versions/A/CoreDuetDebugLogging
0x000000000a784000 	/System/Library/PrivateFrameworks/MMCS.framework/Versions/A/MMCS
0x000000000a784000 	/System/Library/Frameworks/CoreLocation.framework/Versions/A/CoreLocation
0x000000000a784000 	/System/Library/PrivateFrameworks/ProtectedCloudStorage.framework/Versions/A/ProtectedCloudStorage
0x000000000a784000 	/System/Library/PrivateFrameworks/GeoServices.framework/Versions/A/GeoServices
0x000000000a784000 	/System/Library/Frameworks/CoreGraphics.framework/Versions/A/Resources/libCGCMS.A.dylib
0x000000000a784000 	/System/Library/Frameworks/CoreGraphics.framework/Versions/A/Resources/libRIP.A.dylib
0x000000000a784000 	/System/Library/Frameworks/CoreGraphics.framework/Versions/A/Resources/libCGXType.A.dylib
0x000000000a784000 	/System/Library/Frameworks/OpenCL.framework/Versions/A/Libraries/libcldcpuengine.dylib
0x000000000a784000 	/System/Library/PrivateFrameworks/DiskImages.framework/Versions/A/DiskImages
0x000000000a784000 	/System/Library/Frameworks/DiscRecording.framework/Versions/A/DiscRecording
0x000000000a784000 	/usr/lib/libcsfde.dylib
0x000000000a784000 	/usr/lib/libcurl.4.dylib
0x000000000a784000 	/System/Library/PrivateFrameworks/MediaKit.framework/Versions/A/MediaKit
0x000000000a784000 	/usr/lib/libCoreStorage.dylib
0x000000000a784000 	/System/Library/PrivateFrameworks/EFILogin.framework/Versions/A/EFILogin
0x000000000a784000 	/usr/lib/libutil.dylib
0x000000000a784000 	/System/Library/PrivateFrameworks/FindMyDevice.framework/Versions/A/FindMyDevice
0x000000000a784000 	/System/Library/Frameworks/LDAP.framework/Versions/A/LDAP
0x000000000a784000 	/usr/lib/libsasl2.2.dylib
0x000000000a784000 	/System/Library/PrivateFrameworks/CoreDaemon.framework/Versions/B/CoreDaemon
0x000000000a784000 	/usr/lib/libcrypto.0.9.8.dylib
0x000000000a784000 	/System/Library/PrivateFrameworks/AppleSRP.framework/Versions/A/AppleSRP
0x000000000a784000 	/System/Library/PrivateFrameworks/TrustEvaluationAgent.framework/Versions/A/TrustEvaluationAgent
0x000000012773e000 	cl_kernels
0x0000000127740000 	/System/Library/Frameworks/OpenCL.framework/Versions/A/Libraries/ImageFormats/unorm8_bgra.dylib
0x0000000127730000 	cl_kernels
0x000000000a784000 	/System/Library/PrivateFrameworks/FamilyControls.framework/Versions/A/FamilyControls
0x000000000a784000 	/System/Library/PrivateFrameworks/CommerceKit.framework/Versions/A/Frameworks/CommerceCore.framework/Versions/A/CommerceCore
0x000000000a784000 	/System/Library/PrivateFrameworks/SystemAdministration.framework/Versions/A/SystemAdministration
0x000000000a784000 	/System/Library/PrivateFrameworks/AppContainer.framework/Versions/A/AppContainer
0x000000000a784000 	/System/Library/PrivateFrameworks/SecCodeWrapper.framework/Versions/A/SecCodeWrapper
0x000000000a784000 	/System/Library/Frameworks/DirectoryService.framework/Versions/A/DirectoryService
0x000000000a784000 	/System/Library/PrivateFrameworks/LoginUIKit.framework/Versions/A/Frameworks/LoginUICore.framework/Versions/A/LoginUICore
0x000000000a784000 	/usr/lib/libodfde.dylib
0x0000000128978000 	/Library/Java/JavaVirtualMachines/jdk1.8.0_65.jdk/Contents/Home/jre/lib/libfontmanager.dylib
0x00000001289df000 	/private/var/folders/17/jxg8w8gx0qn4rlskndss0mtm0000gn/T/libgdxferrancoma/f7649394/liblwjgl.dylib
0x0000000126b9a000 	/Library/Java/JavaVirtualMachines/jdk1.8.0_65.jdk/Contents/Home/jre/lib/libjawt.dylib
0x0000000128a61000 	/var/folders/17/jxg8w8gx0qn4rlskndss0mtm0000gn/T/libgdxferrancoma/f7649394/openal.dylib
0x0000000128ad0000 	/System/Library/Components/CoreAudio.component/Contents/MacOS/CoreAudio
0x0000000126bb2000 	/System/Library/Extensions/AppleHDA.kext/Contents/PlugIns/AppleHDAHALPlugIn.bundle/Contents/MacOS/AppleHDAHALPlugIn
0x000000000a784000 	/System/Library/Frameworks/OpenGL.framework/Versions/A/Resources/GLEngine.bundle/GLEngine
0x000000000a784000 	/System/Library/Frameworks/OpenGL.framework/Versions/A/Libraries/libGLProgrammability.dylib
0x0000000128f44000 	/System/Library/Extensions/AppleIntelHD5000GraphicsGLDriver.bundle/Contents/MacOS/AppleIntelHD5000GraphicsGLDriver
0x000000000a784000 	/System/Library/PrivateFrameworks/IOAccelerator.framework/Versions/A/IOAccelerator
0x000000000a784000 	/System/Library/PrivateFrameworks/GPUSupport.framework/Versions/A/Libraries/libGPUSupportMercury.dylib
0x000000000a784000 	/System/Library/Frameworks/OpenGL.framework/Versions/A/Resources/GLRendererFloat.bundle/GLRendererFloat
0x000000012a35b000 	/Library/Java/JavaVirtualMachines/jdk1.8.0_65.jdk/Contents/Home/jre/lib/libnet.dylib

VM Arguments:
jvm_args: -Dfile.encoding=UTF-8 
java_command: com.noxer.games.wii.desktop.DesktopLauncher
java_class_path (initial): /Users/ferrancoma/Desktop/hackUPC/WiiServer/desktop/bin:/Users/ferrancoma/.gradle/caches/modules-2/files-2.1/com.badlogicgames.box2dlights/box2dlights/1.4/3d77ad5b4164fb32fc67e2446e35911bb0aaf0bd/box2dlights-1.4.jar:/Users/ferrancoma/.gradle/caches/modules-2/files-2.1/com.badlogicgames.gdx/gdx-ai/1.8.0/ec30677d8ab1a8b8aa4b853c5f4e4b1361f50bf5/gdx-ai-1.8.0.jar:/Users/ferrancoma/.gradle/caches/modules-2/files-2.1/com.badlogicgames.gdx/gdx-backend-headless/1.9.2/813e6020de85cd831f02cb5e9060fd7ea8cb208e/gdx-backend-headless-1.9.2.jar:/Users/ferrancoma/.gradle/caches/modules-2/files-2.1/com.badlogicgames.gdx/gdx-backend-lwjgl/1.9.2/d710a8704ed584ec2ba9ca52e3a6a5885dd759cc/gdx-backend-lwjgl-1.9.2.jar:/Users/ferrancoma/.gradle/caches/modules-2/files-2.1/com.badlogicgames.gdx/gdx-box2d-platform/1.9.2/497cbfbf81e7e8b1e8433b19291c5af4bbc2ec66/gdx-box2d-platform-1.9.2-natives-desktop.jar:/Users/ferrancoma/.gradle/caches/modules-2/files-2.1/com.badlogicgames.gdx/gdx-box2d/1.9.2/b78eaa90aaaf7830e6dffff587ea6e859c2787b2/gdx-box2d-1.9.2.jar:/Users/ferrancoma/.gradle/caches/modules-2/files-2.1/com.badlogicgames.gdx/gdx-bullet-platform/1.9.2/e564d68941da54e44dfd3bfb3f8a9c349f42ff8/gdx-bullet-platform-1.9.2-natives-desktop.jar:/Users/ferrancoma/.gradle/caches/modules-2/files-2.1/com.badlogicgames.gdx/gdx-bullet/1.9.2/75f6b51bec18a82a893bb5ae4359fecd9cc7d6f4/gdx-bullet-1.9.2.jar:/Users/ferrancoma/.gradle/caches/modules-2/files-2.1/com.badlogicgames.gdx/gdx-freetype-platform/1.9.2/1e1afb0b6c9e8aeb7d495cb8f55c353d3da58cf0/gdx-freetype-platform-1.9.2-natives-desktop.jar:/Users/ferrancoma/.gradle/caches/modules-2/files-2.1/com.badlogicgames.gdx/gdx-freetype/1.9.2/3609253d14edb1b3ca5aacff4e06989edde75be4/gdx-freetype-1.9.2.jar:/Users/ferrancoma/.gradle/caches/modules-2/files-2.1/com.badlogicgames.gdx/gdx-platform/1.9.2/dde4cf7e9ce61c24042f512203aed87657496639/gdx-platform-1.9.2-natives-desktop.jar:/Users/ferrancoma/.gradle/caches/modules-2/files-2.1/com.badlogi
Launcher Type: SUN_STANDARD

Environment Variables:
PATH=/usr/bin:/bin:/usr/sbin:/sbin
SHELL=/bin/bash

Signal Handlers:
SIGSEGV: [libjvm.dylib+0x5a6d31], sa_mask[0]=11111111011111110111111111111111, sa_flags=SA_ONSTACK|SA_RESTART|SA_SIGINFO
SIGBUS: [libjvm.dylib+0x5a6d31], sa_mask[0]=11111111011111110111111111111111, sa_flags=SA_RESTART|SA_SIGINFO
SIGFPE: [libjvm.dylib+0x480a40], sa_mask[0]=11111111011111110111111111111111, sa_flags=SA_RESTART|SA_SIGINFO
SIGPIPE: [libjvm.dylib+0x480a40], sa_mask[0]=11111111011111110111111111111111, sa_flags=SA_RESTART|SA_SIGINFO
SIGXFSZ: [libjvm.dylib+0x480a40], sa_mask[0]=11111111011111110111111111111111, sa_flags=SA_RESTART|SA_SIGINFO
SIGILL: [libjvm.dylib+0x480a40], sa_mask[0]=11111111011111110111111111111111, sa_flags=SA_RESTART|SA_SIGINFO
SIGUSR1: SIG_DFL, sa_mask[0]=00000000000000000000000000000000, sa_flags=none
SIGUSR2: [libjvm.dylib+0x48055e], sa_mask[0]=00100000000000000000000000000000, sa_flags=SA_RESTART|SA_SIGINFO
SIGHUP: [libjvm.dylib+0x47eb35], sa_mask[0]=11111111011111110111111111111111, sa_flags=SA_RESTART|SA_SIGINFO
SIGINT: [libjvm.dylib+0x47eb35], sa_mask[0]=11111111011111110111111111111111, sa_flags=SA_RESTART|SA_SIGINFO
SIGTERM: [libjvm.dylib+0x47eb35], sa_mask[0]=11111111011111110111111111111111, sa_flags=SA_RESTART|SA_SIGINFO
SIGQUIT: [libjvm.dylib+0x47eb35], sa_mask[0]=11111111011111110111111111111111, sa_flags=SA_RESTART|SA_SIGINFO


---------------  S Y S T E M  ---------------

OS:Bsduname:Darwin 14.5.0 Darwin Kernel Version 14.5.0: Wed Jul 29 02:26:53 PDT 2015; root:xnu-2782.40.9~1/RELEASE_X86_64 x86_64
rlimit: STACK 8192k, CORE 0k, NPROC 709, NOFILE 10240, AS infinity
load average:1.73 1.71 1.45

CPU:total 4 (2 cores per cpu, 2 threads per core) family 6 model 69 stepping 1, cmov, cx8, fxsr, mmx, sse, sse2, sse3, ssse3, sse4.1, sse4.2, popcnt, avx, avx2, aes, clmul, erms, lzcnt, ht, tsc, tscinvbit, bmi1, bmi2

Memory: 4k page, physical 8388608k(343416k free)

/proc/meminfo:


vm_info: Java HotSpot(TM) 64-Bit Server VM (25.65-b01) for bsd-amd64 JRE (1.8.0_65-b17), built on Oct  6 2015 15:36:46 by "java_re" with gcc 4.2.1 (Based on Apple Inc. build 5658) (LLVM build 2336.11.00)

time: Sat Feb 20 05:06:06 2016
elapsed time: 3 seconds (0d 0h 0m 3s)

